<?xml version="1.0" encoding="UTF-8"?>
<robot generator="Robot 5.0.1 (Python 3.10.2 on win32)" generated="20220826 22:21:48.424" rpa="false" schemaversion="3">
<suite id="s1" name="Testcases" source="D:\thuctap\testcase_demo\testcases">
<suite id="s1-s1" name="Account Testcase" source="D:\thuctap\testcase_demo\testcases\account_testcase.robot">
<test id="s1-s1-t1" name="Verify that the user's information is exactly the same as when the user registered." line="17">
<kw name="open my browser" library="common_resources" type="SETUP">
<arg>${url}</arg>
<arg>${browser}</arg>
<kw name="Open Browser" library="SeleniumLibrary">
<arg>${url}</arg>
<arg>${browser}</arg>
<doc>Opens a new browser instance to the optional ``url``.</doc>
<msg timestamp="20220826 22:21:48.690" level="INFO">Opening browser 'chrome' to base url 'https://demo.nopcommerce.com/register'.</msg>
<status status="PASS" starttime="20220826 22:21:48.689" endtime="20220826 22:21:51.993"/>
</kw>
<kw name="Maximize Browser Window" library="SeleniumLibrary">
<doc>Maximizes current browser window.</doc>
<status status="PASS" starttime="20220826 22:21:51.993" endtime="20220826 22:21:52.115"/>
</kw>
<status status="PASS" starttime="20220826 22:21:48.689" endtime="20220826 22:21:52.115"/>
</kw>
<kw name="Create account with VALID information email ramdom" library="register_resource">
<var>${login}</var>
<arg>M</arg>
<arg>Huyen</arg>
<arg>Diu</arg>
<arg>15</arg>
<arg>12</arg>
<arg>2000</arg>
<kw name="select gender" library="register_resource">
<arg>${gender_input}</arg>
<kw name="Select Radio Button" library="SeleniumLibrary">
<arg>${gender_name}</arg>
<arg>${value_gender}</arg>
<doc>Sets the radio button group ``group_name`` to ``value``.</doc>
<msg timestamp="20220826 22:21:52.117" level="INFO">Selecting 'M' from radio button 'Gender'.</msg>
<status status="PASS" starttime="20220826 22:21:52.117" endtime="20220826 22:21:52.180"/>
</kw>
<status status="PASS" starttime="20220826 22:21:52.116" endtime="20220826 22:21:52.180"/>
</kw>
<kw name="Enter first name" library="register_resource">
<arg>${first_name_input}</arg>
<kw name="Input Text" library="SeleniumLibrary">
<arg>${first_name}</arg>
<arg>${first_name_str}</arg>
<doc>Types the given ``text`` into the text field identified by ``locator``.</doc>
<msg timestamp="20220826 22:21:52.181" level="INFO">Typing text 'Huyen' into text field 'xpath://input[@id= 'FirstName']'.</msg>
<status status="PASS" starttime="20220826 22:21:52.180" endtime="20220826 22:21:52.391"/>
</kw>
<status status="PASS" starttime="20220826 22:21:52.180" endtime="20220826 22:21:52.392"/>
</kw>
<kw name="Enter last name" library="register_resource">
<arg>${last_name_input}</arg>
<kw name="Input Text" library="SeleniumLibrary">
<arg>${last_name}</arg>
<arg>${last_name_str}</arg>
<doc>Types the given ``text`` into the text field identified by ``locator``.</doc>
<msg timestamp="20220826 22:21:52.394" level="INFO">Typing text 'Diu' into text field 'xpath://input[@id= 'LastName']'.</msg>
<status status="PASS" starttime="20220826 22:21:52.393" endtime="20220826 22:21:52.491"/>
</kw>
<status status="PASS" starttime="20220826 22:21:52.392" endtime="20220826 22:21:52.491"/>
</kw>
<kw name="Select date of birth" library="register_resource">
<arg>${day_input}</arg>
<arg>${month_input}</arg>
<arg>${year_input}</arg>
<kw name="Select From List By Value" library="SeleniumLibrary">
<arg>${list_day}</arg>
<arg>${day}</arg>
<doc>Selects options from selection list ``locator`` by ``values``.</doc>
<msg timestamp="20220826 22:21:52.492" level="INFO">Selecting options from selection list 'xpath://select[@name='DateOfBirthDay']' by value 15.</msg>
<status status="PASS" starttime="20220826 22:21:52.491" endtime="20220826 22:21:52.543"/>
</kw>
<kw name="Select From List By Value" library="SeleniumLibrary">
<arg>${list_month}</arg>
<arg>${month}</arg>
<doc>Selects options from selection list ``locator`` by ``values``.</doc>
<msg timestamp="20220826 22:21:52.543" level="INFO">Selecting options from selection list 'xpath://select[@name='DateOfBirthMonth']' by value 12.</msg>
<status status="PASS" starttime="20220826 22:21:52.543" endtime="20220826 22:21:52.591"/>
</kw>
<kw name="Select From List By Value" library="SeleniumLibrary">
<arg>${list_year}</arg>
<arg>${year}</arg>
<doc>Selects options from selection list ``locator`` by ``values``.</doc>
<msg timestamp="20220826 22:21:52.591" level="INFO">Selecting options from selection list 'xpath://select[@name='DateOfBirthYear']' by value 2000.</msg>
<status status="PASS" starttime="20220826 22:21:52.591" endtime="20220826 22:21:52.641"/>
</kw>
<status status="PASS" starttime="20220826 22:21:52.491" endtime="20220826 22:21:52.641"/>
</kw>
<kw name="Execute Javascript" library="SeleniumLibrary">
<arg>document.getElementById("Email").value = Math.round(Math.random()*100000)+"@gmail.com"</arg>
<doc>Executes the given JavaScript code with possible arguments.</doc>
<msg timestamp="20220826 22:21:52.641" level="INFO">Executing JavaScript:
document.getElementById("Email").value = Math.round(Math.random()*100000)+"@gmail.com"
Without any arguments.</msg>
<status status="PASS" starttime="20220826 22:21:52.641" endtime="20220826 22:21:52.645"/>
</kw>
<kw name="Get Value" library="SeleniumLibrary">
<var>${email_out}</var>
<arg>${email}</arg>
<doc>Returns the value attribute of the element identified by ``locator``.</doc>
<msg timestamp="20220826 22:21:52.684" level="INFO">${email_out} = 25217@gmail.com</msg>
<status status="PASS" starttime="20220826 22:21:52.645" endtime="20220826 22:21:52.684"/>
</kw>
<kw name="Generate Random String" library="String">
<var>${pass_ramdom}</var>
<arg>6</arg>
<doc>Generates a string with a desired ``length`` from the given ``chars``.</doc>
<msg timestamp="20220826 22:21:52.684" level="INFO">${pass_ramdom} = UvOhFo</msg>
<status status="PASS" starttime="20220826 22:21:52.684" endtime="20220826 22:21:52.684"/>
</kw>
<kw name="Enter password" library="register_resource">
<arg>${pass_ramdom}</arg>
<kw name="Input Text" library="SeleniumLibrary">
<arg>${password}</arg>
<arg>${password_str}</arg>
<doc>Types the given ``text`` into the text field identified by ``locator``.</doc>
<msg timestamp="20220826 22:21:52.685" level="INFO">Typing text 'UvOhFo' into text field 'id:Password'.</msg>
<status status="PASS" starttime="20220826 22:21:52.685" endtime="20220826 22:21:52.755"/>
</kw>
<status status="PASS" starttime="20220826 22:21:52.684" endtime="20220826 22:21:52.756"/>
</kw>
<kw name="Enter confirm password" library="register_resource">
<arg>${pass_ramdom}</arg>
<kw name="Input Text" library="SeleniumLibrary">
<arg>${confirm_password}</arg>
<arg>${confirm_password_str}</arg>
<doc>Types the given ``text`` into the text field identified by ``locator``.</doc>
<msg timestamp="20220826 22:21:52.757" level="INFO">Typing text 'UvOhFo' into text field 'id:ConfirmPassword'.</msg>
<status status="PASS" starttime="20220826 22:21:52.756" endtime="20220826 22:21:52.827"/>
</kw>
<status status="PASS" starttime="20220826 22:21:52.756" endtime="20220826 22:21:52.827"/>
</kw>
<kw name="Click the register button" library="register_resource">
<kw name="Click Button" library="SeleniumLibrary">
<arg>${register_button}</arg>
<doc>Clicks the button identified by ``locator``.</doc>
<msg timestamp="20220826 22:21:52.828" level="INFO">Clicking button 'id:register-button'.</msg>
<status status="PASS" starttime="20220826 22:21:52.828" endtime="20220826 22:21:54.544"/>
</kw>
<status status="PASS" starttime="20220826 22:21:52.828" endtime="20220826 22:21:54.544"/>
</kw>
<kw name="Get Location" library="SeleniumLibrary">
<var>${locate}</var>
<doc>Returns the current browser window URL.</doc>
<msg timestamp="20220826 22:21:54.548" level="INFO">${locate} = https://demo.nopcommerce.com/registerresult/1</msg>
<status status="PASS" starttime="20220826 22:21:54.544" endtime="20220826 22:21:54.548"/>
</kw>
<kw name="Log To Console" library="BuiltIn">
<arg>${locate}</arg>
<doc>Logs the given message to the console.</doc>
<status status="PASS" starttime="20220826 22:21:54.548" endtime="20220826 22:21:54.549"/>
</kw>
<kw name="Element Should Be Visible" library="SeleniumLibrary">
<arg>xpath://div[text() = 'Your registration completed']</arg>
<doc>Verifies that the element identified by ``locator`` is visible.</doc>
<msg timestamp="20220826 22:21:54.575" level="INFO">Element 'xpath://div[text() = 'Your registration completed']' is displayed.</msg>
<status status="PASS" starttime="20220826 22:21:54.549" endtime="20220826 22:21:54.576"/>
</kw>
<kw name="Execute Javascript" library="SeleniumLibrary">
<var>${color}</var>
<arg>return window.getComputedStyle(document.evaluate("//div[text() = 'Your registration completed']", document , null, XPathResult.FIRST_ORDERED_NODE_TYPE, null).singleNodeValue,null).getPropertyValue('color');</arg>
<doc>Executes the given JavaScript code with possible arguments.</doc>
<msg timestamp="20220826 22:21:54.576" level="INFO">Executing JavaScript:
return window.getComputedStyle(document.evaluate("//div[text() = 'Your registration completed']", document , null, XPathResult.FIRST_ORDERED_NODE_TYPE, null).singleNodeValue,null).getPropertyValue('color');
Without any arguments.</msg>
<msg timestamp="20220826 22:21:54.580" level="INFO">${color} = rgb(76, 177, 124)</msg>
<status status="PASS" starttime="20220826 22:21:54.576" endtime="20220826 22:21:54.580"/>
</kw>
<kw name="Transform RGB To HEX" library="lib">
<var>${hex_color}</var>
<arg>${color}</arg>
<msg timestamp="20220826 22:21:54.581" level="INFO">76, 177, 124
['76', '177', '124']</msg>
<msg timestamp="20220826 22:21:54.581" level="INFO">${hex_color} = 4CB17C</msg>
<status status="PASS" starttime="20220826 22:21:54.580" endtime="20220826 22:21:54.581"/>
</kw>
<kw name="Log To Console" library="BuiltIn">
<arg>${hex_color}</arg>
<doc>Logs the given message to the console.</doc>
<status status="PASS" starttime="20220826 22:21:54.581" endtime="20220826 22:21:54.581"/>
</kw>
<kw name="Create List" library="BuiltIn">
<var>${login}</var>
<arg>${email_out}</arg>
<arg>${pass_ramdom}</arg>
<doc>Returns a list containing given items.</doc>
<msg timestamp="20220826 22:21:54.582" level="INFO">${login} = ['25217@gmail.com', 'UvOhFo']</msg>
<status status="PASS" starttime="20220826 22:21:54.581" endtime="20220826 22:21:54.582"/>
</kw>
<msg timestamp="20220826 22:21:54.582" level="INFO">${login} = ['25217@gmail.com', 'UvOhFo']</msg>
<status status="PASS" starttime="20220826 22:21:52.116" endtime="20220826 22:21:54.582"/>
</kw>
<kw name="click the my account link" library="header_resources">
<kw name="Click Element" library="SeleniumLibrary">
<arg>${myacccount_headerlink}</arg>
<doc>Click the element identified by ``locator``.</doc>
<msg timestamp="20220826 22:21:54.583" level="INFO">Clicking element 'xpath://div[@class = 'header-links']//a[text() = 'My account']'.</msg>
<status status="PASS" starttime="20220826 22:21:54.583" endtime="20220826 22:21:55.186"/>
</kw>
<status status="PASS" starttime="20220826 22:21:54.582" endtime="20220826 22:21:55.186"/>
</kw>
<kw name="Get From List" library="Collections">
<var>${email}</var>
<arg>${login}</arg>
<arg>0</arg>
<doc>Returns the value specified with an ``index`` from ``list``.</doc>
<msg timestamp="20220826 22:21:55.187" level="INFO">${email} = 25217@gmail.com</msg>
<status status="PASS" starttime="20220826 22:21:55.187" endtime="20220826 22:21:55.187"/>
</kw>
<kw name="Verify infomation account" library="account_resources">
<arg>Huyen</arg>
<arg>Diu</arg>
<arg>${email}</arg>
<kw name="Get Value" library="SeleniumLibrary">
<var>${first_name_output}</var>
<arg>${first_name}</arg>
<doc>Returns the value attribute of the element identified by ``locator``.</doc>
<msg timestamp="20220826 22:21:55.210" level="INFO">${first_name_output} = Huyen</msg>
<status status="PASS" starttime="20220826 22:21:55.188" endtime="20220826 22:21:55.210"/>
</kw>
<kw name="Get Value" library="SeleniumLibrary">
<var>${last_name_output}</var>
<arg>${last_name}</arg>
<doc>Returns the value attribute of the element identified by ``locator``.</doc>
<msg timestamp="20220826 22:21:55.230" level="INFO">${last_name_output} = Diu</msg>
<status status="PASS" starttime="20220826 22:21:55.210" endtime="20220826 22:21:55.230"/>
</kw>
<kw name="Get Value" library="SeleniumLibrary">
<var>${email_output}</var>
<arg>${email}</arg>
<doc>Returns the value attribute of the element identified by ``locator``.</doc>
<msg timestamp="20220826 22:21:55.245" level="INFO">${email_output} = 25217@gmail.com</msg>
<status status="PASS" starttime="20220826 22:21:55.230" endtime="20220826 22:21:55.245"/>
</kw>
<kw name="Log To Console" library="BuiltIn">
<arg>${first_name_output}</arg>
<arg>${last_name_output}</arg>
<arg>${email_output}</arg>
<doc>Logs the given message to the console.</doc>
<status status="PASS" starttime="20220826 22:21:55.245" endtime="20220826 22:21:55.246"/>
</kw>
<kw name="Should Be Equal" library="BuiltIn">
<arg>${first_name_input}</arg>
<arg>${first_name_output}</arg>
<doc>Fails if the given objects are unequal.</doc>
<status status="PASS" starttime="20220826 22:21:55.246" endtime="20220826 22:21:55.246"/>
</kw>
<kw name="Should Be Equal" library="BuiltIn">
<arg>${last_name_input}</arg>
<arg>${last_name_output}</arg>
<doc>Fails if the given objects are unequal.</doc>
<status status="PASS" starttime="20220826 22:21:55.246" endtime="20220826 22:21:55.246"/>
</kw>
<kw name="Should Be Equal" library="BuiltIn">
<arg>${email_input}</arg>
<arg>${email_output}</arg>
<doc>Fails if the given objects are unequal.</doc>
<status status="PASS" starttime="20220826 22:21:55.246" endtime="20220826 22:21:55.247"/>
</kw>
<status status="PASS" starttime="20220826 22:21:55.188" endtime="20220826 22:21:55.247"/>
</kw>
<kw name="Sleep" library="BuiltIn">
<arg>3</arg>
<doc>Pauses the test executed for the given time.</doc>
<msg timestamp="20220826 22:21:58.262" level="INFO">Slept 3 seconds</msg>
<status status="PASS" starttime="20220826 22:21:55.247" endtime="20220826 22:21:58.262"/>
</kw>
<kw name="Close my browser" library="common_resources" type="TEARDOWN">
<kw name="Close All Browsers" library="SeleniumLibrary">
<doc>Closes all open browsers and resets the browser cache.</doc>
<status status="PASS" starttime="20220826 22:21:58.263" endtime="20220826 22:22:00.370"/>
</kw>
<status status="PASS" starttime="20220826 22:21:58.263" endtime="20220826 22:22:00.370"/>
</kw>
<tag>Account</tag>
<tag>ACCOUNT-001</tag>
<status status="PASS" starttime="20220826 22:21:48.688" endtime="20220826 22:22:00.371"/>
</test>
<test id="s1-s1-t2" name="Verify that login is required before viewing account information." line="25">
<kw name="open my browser" library="common_resources" type="SETUP">
<arg>${url}</arg>
<arg>${browser}</arg>
<kw name="Open Browser" library="SeleniumLibrary">
<arg>${url}</arg>
<arg>${browser}</arg>
<doc>Opens a new browser instance to the optional ``url``.</doc>
<msg timestamp="20220826 22:22:00.376" level="INFO">Opening browser 'chrome' to base url 'https://demo.nopcommerce.com/register'.</msg>
<status status="PASS" starttime="20220826 22:22:00.376" endtime="20220826 22:22:03.039"/>
</kw>
<kw name="Maximize Browser Window" library="SeleniumLibrary">
<doc>Maximizes current browser window.</doc>
<status status="PASS" starttime="20220826 22:22:03.039" endtime="20220826 22:22:03.157"/>
</kw>
<status status="PASS" starttime="20220826 22:22:00.375" endtime="20220826 22:22:03.157"/>
</kw>
<kw name="Create account with VALID information email ramdom" library="register_resource">
<var>${login}</var>
<arg>M</arg>
<arg>Huyen</arg>
<arg>Diu</arg>
<arg>15</arg>
<arg>12</arg>
<arg>2000</arg>
<kw name="select gender" library="register_resource">
<arg>${gender_input}</arg>
<kw name="Select Radio Button" library="SeleniumLibrary">
<arg>${gender_name}</arg>
<arg>${value_gender}</arg>
<doc>Sets the radio button group ``group_name`` to ``value``.</doc>
<msg timestamp="20220826 22:22:03.159" level="INFO">Selecting 'M' from radio button 'Gender'.</msg>
<status status="PASS" starttime="20220826 22:22:03.158" endtime="20220826 22:22:03.218"/>
</kw>
<status status="PASS" starttime="20220826 22:22:03.158" endtime="20220826 22:22:03.219"/>
</kw>
<kw name="Enter first name" library="register_resource">
<arg>${first_name_input}</arg>
<kw name="Input Text" library="SeleniumLibrary">
<arg>${first_name}</arg>
<arg>${first_name_str}</arg>
<doc>Types the given ``text`` into the text field identified by ``locator``.</doc>
<msg timestamp="20220826 22:22:03.222" level="INFO">Typing text 'Huyen' into text field 'xpath://input[@id= 'FirstName']'.</msg>
<status status="PASS" starttime="20220826 22:22:03.222" endtime="20220826 22:22:03.323"/>
</kw>
<status status="PASS" starttime="20220826 22:22:03.220" endtime="20220826 22:22:03.323"/>
</kw>
<kw name="Enter last name" library="register_resource">
<arg>${last_name_input}</arg>
<kw name="Input Text" library="SeleniumLibrary">
<arg>${last_name}</arg>
<arg>${last_name_str}</arg>
<doc>Types the given ``text`` into the text field identified by ``locator``.</doc>
<msg timestamp="20220826 22:22:03.324" level="INFO">Typing text 'Diu' into text field 'xpath://input[@id= 'LastName']'.</msg>
<status status="PASS" starttime="20220826 22:22:03.324" endtime="20220826 22:22:03.407"/>
</kw>
<status status="PASS" starttime="20220826 22:22:03.323" endtime="20220826 22:22:03.407"/>
</kw>
<kw name="Select date of birth" library="register_resource">
<arg>${day_input}</arg>
<arg>${month_input}</arg>
<arg>${year_input}</arg>
<kw name="Select From List By Value" library="SeleniumLibrary">
<arg>${list_day}</arg>
<arg>${day}</arg>
<doc>Selects options from selection list ``locator`` by ``values``.</doc>
<msg timestamp="20220826 22:22:03.408" level="INFO">Selecting options from selection list 'xpath://select[@name='DateOfBirthDay']' by value 15.</msg>
<status status="PASS" starttime="20220826 22:22:03.408" endtime="20220826 22:22:03.455"/>
</kw>
<kw name="Select From List By Value" library="SeleniumLibrary">
<arg>${list_month}</arg>
<arg>${month}</arg>
<doc>Selects options from selection list ``locator`` by ``values``.</doc>
<msg timestamp="20220826 22:22:03.456" level="INFO">Selecting options from selection list 'xpath://select[@name='DateOfBirthMonth']' by value 12.</msg>
<status status="PASS" starttime="20220826 22:22:03.456" endtime="20220826 22:22:03.503"/>
</kw>
<kw name="Select From List By Value" library="SeleniumLibrary">
<arg>${list_year}</arg>
<arg>${year}</arg>
<doc>Selects options from selection list ``locator`` by ``values``.</doc>
<msg timestamp="20220826 22:22:03.504" level="INFO">Selecting options from selection list 'xpath://select[@name='DateOfBirthYear']' by value 2000.</msg>
<status status="PASS" starttime="20220826 22:22:03.503" endtime="20220826 22:22:03.554"/>
</kw>
<status status="PASS" starttime="20220826 22:22:03.407" endtime="20220826 22:22:03.554"/>
</kw>
<kw name="Execute Javascript" library="SeleniumLibrary">
<arg>document.getElementById("Email").value = Math.round(Math.random()*100000)+"@gmail.com"</arg>
<doc>Executes the given JavaScript code with possible arguments.</doc>
<msg timestamp="20220826 22:22:03.554" level="INFO">Executing JavaScript:
document.getElementById("Email").value = Math.round(Math.random()*100000)+"@gmail.com"
Without any arguments.</msg>
<status status="PASS" starttime="20220826 22:22:03.554" endtime="20220826 22:22:03.558"/>
</kw>
<kw name="Get Value" library="SeleniumLibrary">
<var>${email_out}</var>
<arg>${email}</arg>
<doc>Returns the value attribute of the element identified by ``locator``.</doc>
<msg timestamp="20220826 22:22:03.577" level="INFO">${email_out} = 96782@gmail.com</msg>
<status status="PASS" starttime="20220826 22:22:03.558" endtime="20220826 22:22:03.577"/>
</kw>
<kw name="Generate Random String" library="String">
<var>${pass_ramdom}</var>
<arg>6</arg>
<doc>Generates a string with a desired ``length`` from the given ``chars``.</doc>
<msg timestamp="20220826 22:22:03.577" level="INFO">${pass_ramdom} = BHcFOD</msg>
<status status="PASS" starttime="20220826 22:22:03.577" endtime="20220826 22:22:03.577"/>
</kw>
<kw name="Enter password" library="register_resource">
<arg>${pass_ramdom}</arg>
<kw name="Input Text" library="SeleniumLibrary">
<arg>${password}</arg>
<arg>${password_str}</arg>
<doc>Types the given ``text`` into the text field identified by ``locator``.</doc>
<msg timestamp="20220826 22:22:03.578" level="INFO">Typing text 'BHcFOD' into text field 'id:Password'.</msg>
<status status="PASS" starttime="20220826 22:22:03.578" endtime="20220826 22:22:03.649"/>
</kw>
<status status="PASS" starttime="20220826 22:22:03.577" endtime="20220826 22:22:03.649"/>
</kw>
<kw name="Enter confirm password" library="register_resource">
<arg>${pass_ramdom}</arg>
<kw name="Input Text" library="SeleniumLibrary">
<arg>${confirm_password}</arg>
<arg>${confirm_password_str}</arg>
<doc>Types the given ``text`` into the text field identified by ``locator``.</doc>
<msg timestamp="20220826 22:22:03.651" level="INFO">Typing text 'BHcFOD' into text field 'id:ConfirmPassword'.</msg>
<status status="PASS" starttime="20220826 22:22:03.650" endtime="20220826 22:22:03.722"/>
</kw>
<status status="PASS" starttime="20220826 22:22:03.650" endtime="20220826 22:22:03.722"/>
</kw>
<kw name="Click the register button" library="register_resource">
<kw name="Click Button" library="SeleniumLibrary">
<arg>${register_button}</arg>
<doc>Clicks the button identified by ``locator``.</doc>
<msg timestamp="20220826 22:22:03.722" level="INFO">Clicking button 'id:register-button'.</msg>
<status status="PASS" starttime="20220826 22:22:03.722" endtime="20220826 22:22:05.483"/>
</kw>
<status status="PASS" starttime="20220826 22:22:03.722" endtime="20220826 22:22:05.483"/>
</kw>
<kw name="Get Location" library="SeleniumLibrary">
<var>${locate}</var>
<doc>Returns the current browser window URL.</doc>
<msg timestamp="20220826 22:22:05.488" level="INFO">${locate} = https://demo.nopcommerce.com/registerresult/1</msg>
<status status="PASS" starttime="20220826 22:22:05.483" endtime="20220826 22:22:05.488"/>
</kw>
<kw name="Log To Console" library="BuiltIn">
<arg>${locate}</arg>
<doc>Logs the given message to the console.</doc>
<status status="PASS" starttime="20220826 22:22:05.488" endtime="20220826 22:22:05.489"/>
</kw>
<kw name="Element Should Be Visible" library="SeleniumLibrary">
<arg>xpath://div[text() = 'Your registration completed']</arg>
<doc>Verifies that the element identified by ``locator`` is visible.</doc>
<msg timestamp="20220826 22:22:05.511" level="INFO">Element 'xpath://div[text() = 'Your registration completed']' is displayed.</msg>
<status status="PASS" starttime="20220826 22:22:05.489" endtime="20220826 22:22:05.511"/>
</kw>
<kw name="Execute Javascript" library="SeleniumLibrary">
<var>${color}</var>
<arg>return window.getComputedStyle(document.evaluate("//div[text() = 'Your registration completed']", document , null, XPathResult.FIRST_ORDERED_NODE_TYPE, null).singleNodeValue,null).getPropertyValue('color');</arg>
<doc>Executes the given JavaScript code with possible arguments.</doc>
<msg timestamp="20220826 22:22:05.511" level="INFO">Executing JavaScript:
return window.getComputedStyle(document.evaluate("//div[text() = 'Your registration completed']", document , null, XPathResult.FIRST_ORDERED_NODE_TYPE, null).singleNodeValue,null).getPropertyValue('color');
Without any arguments.</msg>
<msg timestamp="20220826 22:22:05.516" level="INFO">${color} = rgb(76, 177, 124)</msg>
<status status="PASS" starttime="20220826 22:22:05.511" endtime="20220826 22:22:05.516"/>
</kw>
<kw name="Transform RGB To HEX" library="lib">
<var>${hex_color}</var>
<arg>${color}</arg>
<msg timestamp="20220826 22:22:05.516" level="INFO">76, 177, 124
['76', '177', '124']</msg>
<msg timestamp="20220826 22:22:05.516" level="INFO">${hex_color} = 4CB17C</msg>
<status status="PASS" starttime="20220826 22:22:05.516" endtime="20220826 22:22:05.516"/>
</kw>
<kw name="Log To Console" library="BuiltIn">
<arg>${hex_color}</arg>
<doc>Logs the given message to the console.</doc>
<status status="PASS" starttime="20220826 22:22:05.516" endtime="20220826 22:22:05.516"/>
</kw>
<kw name="Create List" library="BuiltIn">
<var>${login}</var>
<arg>${email_out}</arg>
<arg>${pass_ramdom}</arg>
<doc>Returns a list containing given items.</doc>
<msg timestamp="20220826 22:22:05.517" level="INFO">${login} = ['96782@gmail.com', 'BHcFOD']</msg>
<status status="PASS" starttime="20220826 22:22:05.517" endtime="20220826 22:22:05.517"/>
</kw>
<msg timestamp="20220826 22:22:05.517" level="INFO">${login} = ['96782@gmail.com', 'BHcFOD']</msg>
<status status="PASS" starttime="20220826 22:22:03.158" endtime="20220826 22:22:05.517"/>
</kw>
<kw name="click the my account link" library="header_resources">
<kw name="Click Element" library="SeleniumLibrary">
<arg>${myacccount_headerlink}</arg>
<doc>Click the element identified by ``locator``.</doc>
<msg timestamp="20220826 22:22:05.518" level="INFO">Clicking element 'xpath://div[@class = 'header-links']//a[text() = 'My account']'.</msg>
<status status="PASS" starttime="20220826 22:22:05.518" endtime="20220826 22:22:06.070"/>
</kw>
<status status="PASS" starttime="20220826 22:22:05.518" endtime="20220826 22:22:06.070"/>
</kw>
<kw name="Get From List" library="Collections">
<var>${email}</var>
<arg>${login}</arg>
<arg>0</arg>
<doc>Returns the value specified with an ``index`` from ``list``.</doc>
<msg timestamp="20220826 22:22:06.071" level="INFO">${email} = 96782@gmail.com</msg>
<status status="PASS" starttime="20220826 22:22:06.071" endtime="20220826 22:22:06.071"/>
</kw>
<kw name="Verify infomation account" library="account_resources">
<arg>Huyen</arg>
<arg>Diu</arg>
<arg>${email}</arg>
<kw name="Get Value" library="SeleniumLibrary">
<var>${first_name_output}</var>
<arg>${first_name}</arg>
<doc>Returns the value attribute of the element identified by ``locator``.</doc>
<msg timestamp="20220826 22:22:06.096" level="INFO">${first_name_output} = Huyen</msg>
<status status="PASS" starttime="20220826 22:22:06.072" endtime="20220826 22:22:06.096"/>
</kw>
<kw name="Get Value" library="SeleniumLibrary">
<var>${last_name_output}</var>
<arg>${last_name}</arg>
<doc>Returns the value attribute of the element identified by ``locator``.</doc>
<msg timestamp="20220826 22:22:06.111" level="INFO">${last_name_output} = Diu</msg>
<status status="PASS" starttime="20220826 22:22:06.096" endtime="20220826 22:22:06.111"/>
</kw>
<kw name="Get Value" library="SeleniumLibrary">
<var>${email_output}</var>
<arg>${email}</arg>
<doc>Returns the value attribute of the element identified by ``locator``.</doc>
<msg timestamp="20220826 22:22:06.125" level="INFO">${email_output} = 96782@gmail.com</msg>
<status status="PASS" starttime="20220826 22:22:06.111" endtime="20220826 22:22:06.125"/>
</kw>
<kw name="Log To Console" library="BuiltIn">
<arg>${first_name_output}</arg>
<arg>${last_name_output}</arg>
<arg>${email_output}</arg>
<doc>Logs the given message to the console.</doc>
<status status="PASS" starttime="20220826 22:22:06.125" endtime="20220826 22:22:06.125"/>
</kw>
<kw name="Should Be Equal" library="BuiltIn">
<arg>${first_name_input}</arg>
<arg>${first_name_output}</arg>
<doc>Fails if the given objects are unequal.</doc>
<status status="PASS" starttime="20220826 22:22:06.125" endtime="20220826 22:22:06.126"/>
</kw>
<kw name="Should Be Equal" library="BuiltIn">
<arg>${last_name_input}</arg>
<arg>${last_name_output}</arg>
<doc>Fails if the given objects are unequal.</doc>
<status status="PASS" starttime="20220826 22:22:06.126" endtime="20220826 22:22:06.126"/>
</kw>
<kw name="Should Be Equal" library="BuiltIn">
<arg>${email_input}</arg>
<arg>${email_output}</arg>
<doc>Fails if the given objects are unequal.</doc>
<status status="PASS" starttime="20220826 22:22:06.126" endtime="20220826 22:22:06.126"/>
</kw>
<status status="PASS" starttime="20220826 22:22:06.072" endtime="20220826 22:22:06.126"/>
</kw>
<kw name="Sleep" library="BuiltIn">
<arg>3</arg>
<doc>Pauses the test executed for the given time.</doc>
<msg timestamp="20220826 22:22:09.128" level="INFO">Slept 3 seconds</msg>
<status status="PASS" starttime="20220826 22:22:06.127" endtime="20220826 22:22:09.128"/>
</kw>
<kw name="Get Location" library="SeleniumLibrary">
<var>${url}</var>
<doc>Returns the current browser window URL.</doc>
<msg timestamp="20220826 22:22:09.136" level="INFO">${url} = https://demo.nopcommerce.com/customer/info</msg>
<status status="PASS" starttime="20220826 22:22:09.129" endtime="20220826 22:22:09.136"/>
</kw>
<kw name="Open Browser" library="SeleniumLibrary">
<arg>${url}</arg>
<arg>firefox</arg>
<arg>executable_path=${firefoxdriver}</arg>
<doc>Opens a new browser instance to the optional ``url``.</doc>
<msg timestamp="20220826 22:22:09.137" level="INFO">Opening browser 'firefox' to base url 'https://demo.nopcommerce.com/customer/info'.</msg>
<msg timestamp="20220826 22:22:09.143" level="INFO">Firefox driver log is always forced to to: D:\thuctap\testcase_demo\geckodriver-29.log</msg>
<status status="PASS" starttime="20220826 22:22:09.137" endtime="20220826 22:22:16.325"/>
</kw>
<kw name="Title Should Be" library="SeleniumLibrary">
<arg>nopCommerce demo store. Login</arg>
<doc>Verifies that the current page title equals ``title``.</doc>
<msg timestamp="20220826 22:22:16.327" level="INFO">Page title is 'nopCommerce demo store. Login'.</msg>
<status status="PASS" starttime="20220826 22:22:16.325" endtime="20220826 22:22:16.327"/>
</kw>
<kw name="Close my browser" library="common_resources" type="TEARDOWN">
<kw name="Close All Browsers" library="SeleniumLibrary">
<doc>Closes all open browsers and resets the browser cache.</doc>
<status status="PASS" starttime="20220826 22:22:16.329" endtime="20220826 22:22:19.235"/>
</kw>
<status status="PASS" starttime="20220826 22:22:16.328" endtime="20220826 22:22:19.235"/>
</kw>
<tag>Account</tag>
<tag>ACCOUNT-002</tag>
<status status="PASS" starttime="20220826 22:22:00.373" endtime="20220826 22:22:19.236"/>
</test>
<status status="PASS" starttime="20220826 22:21:48.448" endtime="20220826 22:22:19.237"/>
</suite>
<suite id="s1-s2" name="Address Testcase" source="D:\thuctap\testcase_demo\testcases\address_testcase.robot">
<test id="s1-s2-t1" name="Verify that the user can successfully add new addresses." line="17">
<kw name="open my browser" library="common_resources" type="SETUP">
<arg>${url}</arg>
<arg>${browser}</arg>
<kw name="Open Browser" library="SeleniumLibrary">
<arg>${url}</arg>
<arg>${browser}</arg>
<doc>Opens a new browser instance to the optional ``url``.</doc>
<msg timestamp="20220826 22:22:19.373" level="INFO">Opening browser 'chrome' to base url 'https://demo.nopcommerce.com/register'.</msg>
<status status="PASS" starttime="20220826 22:22:19.372" endtime="20220826 22:22:23.179"/>
</kw>
<kw name="Maximize Browser Window" library="SeleniumLibrary">
<doc>Maximizes current browser window.</doc>
<status status="PASS" starttime="20220826 22:22:23.180" endtime="20220826 22:22:23.301"/>
</kw>
<status status="PASS" starttime="20220826 22:22:19.372" endtime="20220826 22:22:23.301"/>
</kw>
<kw name="Create account with VALID information email ramdom" library="register_resource">
<arg>M</arg>
<arg>John</arg>
<arg>Doe</arg>
<arg>12</arg>
<arg>10</arg>
<arg>2000</arg>
<kw name="select gender" library="register_resource">
<arg>${gender_input}</arg>
<kw name="Select Radio Button" library="SeleniumLibrary">
<arg>${gender_name}</arg>
<arg>${value_gender}</arg>
<doc>Sets the radio button group ``group_name`` to ``value``.</doc>
<msg timestamp="20220826 22:22:23.302" level="INFO">Selecting 'M' from radio button 'Gender'.</msg>
<status status="PASS" starttime="20220826 22:22:23.302" endtime="20220826 22:22:23.365"/>
</kw>
<status status="PASS" starttime="20220826 22:22:23.302" endtime="20220826 22:22:23.365"/>
</kw>
<kw name="Enter first name" library="register_resource">
<arg>${first_name_input}</arg>
<kw name="Input Text" library="SeleniumLibrary">
<arg>${first_name}</arg>
<arg>${first_name_str}</arg>
<doc>Types the given ``text`` into the text field identified by ``locator``.</doc>
<msg timestamp="20220826 22:22:23.369" level="INFO">Typing text 'John' into text field 'id:FirstName'.</msg>
<status status="PASS" starttime="20220826 22:22:23.369" endtime="20220826 22:22:23.460"/>
</kw>
<status status="PASS" starttime="20220826 22:22:23.366" endtime="20220826 22:22:23.460"/>
</kw>
<kw name="Enter last name" library="register_resource">
<arg>${last_name_input}</arg>
<kw name="Input Text" library="SeleniumLibrary">
<arg>${last_name}</arg>
<arg>${last_name_str}</arg>
<doc>Types the given ``text`` into the text field identified by ``locator``.</doc>
<msg timestamp="20220826 22:22:23.462" level="INFO">Typing text 'Doe' into text field 'id:LastName'.</msg>
<status status="PASS" starttime="20220826 22:22:23.461" endtime="20220826 22:22:23.540"/>
</kw>
<status status="PASS" starttime="20220826 22:22:23.461" endtime="20220826 22:22:23.540"/>
</kw>
<kw name="Select date of birth" library="register_resource">
<arg>${day_input}</arg>
<arg>${month_input}</arg>
<arg>${year_input}</arg>
<kw name="Select From List By Value" library="SeleniumLibrary">
<arg>${list_day}</arg>
<arg>${day}</arg>
<doc>Selects options from selection list ``locator`` by ``values``.</doc>
<msg timestamp="20220826 22:22:23.541" level="INFO">Selecting options from selection list 'xpath://select[@name='DateOfBirthDay']' by value 12.</msg>
<status status="PASS" starttime="20220826 22:22:23.541" endtime="20220826 22:22:23.591"/>
</kw>
<kw name="Select From List By Value" library="SeleniumLibrary">
<arg>${list_month}</arg>
<arg>${month}</arg>
<doc>Selects options from selection list ``locator`` by ``values``.</doc>
<msg timestamp="20220826 22:22:23.591" level="INFO">Selecting options from selection list 'xpath://select[@name='DateOfBirthMonth']' by value 10.</msg>
<status status="PASS" starttime="20220826 22:22:23.591" endtime="20220826 22:22:23.638"/>
</kw>
<kw name="Select From List By Value" library="SeleniumLibrary">
<arg>${list_year}</arg>
<arg>${year}</arg>
<doc>Selects options from selection list ``locator`` by ``values``.</doc>
<msg timestamp="20220826 22:22:23.638" level="INFO">Selecting options from selection list 'xpath://select[@name='DateOfBirthYear']' by value 2000.</msg>
<status status="PASS" starttime="20220826 22:22:23.638" endtime="20220826 22:22:23.687"/>
</kw>
<status status="PASS" starttime="20220826 22:22:23.541" endtime="20220826 22:22:23.687"/>
</kw>
<kw name="Execute Javascript" library="SeleniumLibrary">
<arg>document.getElementById("Email").value = Math.round(Math.random()*100000)+"@gmail.com"</arg>
<doc>Executes the given JavaScript code with possible arguments.</doc>
<msg timestamp="20220826 22:22:23.688" level="INFO">Executing JavaScript:
document.getElementById("Email").value = Math.round(Math.random()*100000)+"@gmail.com"
Without any arguments.</msg>
<status status="PASS" starttime="20220826 22:22:23.687" endtime="20220826 22:22:23.692"/>
</kw>
<kw name="Get Value" library="SeleniumLibrary">
<var>${email_out}</var>
<arg>${email}</arg>
<doc>Returns the value attribute of the element identified by ``locator``.</doc>
<msg timestamp="20220826 22:22:23.709" level="INFO">${email_out} = 39806@gmail.com</msg>
<status status="PASS" starttime="20220826 22:22:23.692" endtime="20220826 22:22:23.709"/>
</kw>
<kw name="Generate Random String" library="String">
<var>${pass_ramdom}</var>
<arg>6</arg>
<doc>Generates a string with a desired ``length`` from the given ``chars``.</doc>
<msg timestamp="20220826 22:22:23.709" level="INFO">${pass_ramdom} = GZYtlK</msg>
<status status="PASS" starttime="20220826 22:22:23.709" endtime="20220826 22:22:23.709"/>
</kw>
<kw name="Enter password" library="register_resource">
<arg>${pass_ramdom}</arg>
<kw name="Input Text" library="SeleniumLibrary">
<arg>${password}</arg>
<arg>${password_str}</arg>
<doc>Types the given ``text`` into the text field identified by ``locator``.</doc>
<msg timestamp="20220826 22:22:23.710" level="INFO">Typing text 'GZYtlK' into text field 'id:Password'.</msg>
<status status="PASS" starttime="20220826 22:22:23.710" endtime="20220826 22:22:23.775"/>
</kw>
<status status="PASS" starttime="20220826 22:22:23.709" endtime="20220826 22:22:23.775"/>
</kw>
<kw name="Enter confirm password" library="register_resource">
<arg>${pass_ramdom}</arg>
<kw name="Input Text" library="SeleniumLibrary">
<arg>${confirm_password}</arg>
<arg>${confirm_password_str}</arg>
<doc>Types the given ``text`` into the text field identified by ``locator``.</doc>
<msg timestamp="20220826 22:22:23.776" level="INFO">Typing text 'GZYtlK' into text field 'id:ConfirmPassword'.</msg>
<status status="PASS" starttime="20220826 22:22:23.776" endtime="20220826 22:22:23.843"/>
</kw>
<status status="PASS" starttime="20220826 22:22:23.775" endtime="20220826 22:22:23.843"/>
</kw>
<kw name="Click the register button" library="register_resource">
<kw name="Click Button" library="SeleniumLibrary">
<arg>${register_button}</arg>
<doc>Clicks the button identified by ``locator``.</doc>
<msg timestamp="20220826 22:22:23.843" level="INFO">Clicking button 'id:register-button'.</msg>
<status status="PASS" starttime="20220826 22:22:23.843" endtime="20220826 22:22:25.605"/>
</kw>
<status status="PASS" starttime="20220826 22:22:23.843" endtime="20220826 22:22:25.605"/>
</kw>
<kw name="Get Location" library="SeleniumLibrary">
<var>${locate}</var>
<doc>Returns the current browser window URL.</doc>
<msg timestamp="20220826 22:22:25.609" level="INFO">${locate} = https://demo.nopcommerce.com/registerresult/1</msg>
<status status="PASS" starttime="20220826 22:22:25.605" endtime="20220826 22:22:25.609"/>
</kw>
<kw name="Log To Console" library="BuiltIn">
<arg>${locate}</arg>
<doc>Logs the given message to the console.</doc>
<status status="PASS" starttime="20220826 22:22:25.609" endtime="20220826 22:22:25.609"/>
</kw>
<kw name="Element Should Be Visible" library="SeleniumLibrary">
<arg>xpath://div[text() = 'Your registration completed']</arg>
<doc>Verifies that the element identified by ``locator`` is visible.</doc>
<msg timestamp="20220826 22:22:25.633" level="INFO">Element 'xpath://div[text() = 'Your registration completed']' is displayed.</msg>
<status status="PASS" starttime="20220826 22:22:25.609" endtime="20220826 22:22:25.633"/>
</kw>
<kw name="Execute Javascript" library="SeleniumLibrary">
<var>${color}</var>
<arg>return window.getComputedStyle(document.evaluate("//div[text() = 'Your registration completed']", document , null, XPathResult.FIRST_ORDERED_NODE_TYPE, null).singleNodeValue,null).getPropertyValue('color');</arg>
<doc>Executes the given JavaScript code with possible arguments.</doc>
<msg timestamp="20220826 22:22:25.633" level="INFO">Executing JavaScript:
return window.getComputedStyle(document.evaluate("//div[text() = 'Your registration completed']", document , null, XPathResult.FIRST_ORDERED_NODE_TYPE, null).singleNodeValue,null).getPropertyValue('color');
Without any arguments.</msg>
<msg timestamp="20220826 22:22:25.637" level="INFO">${color} = rgb(76, 177, 124)</msg>
<status status="PASS" starttime="20220826 22:22:25.633" endtime="20220826 22:22:25.637"/>
</kw>
<kw name="Transform RGB To HEX" library="lib">
<var>${hex_color}</var>
<arg>${color}</arg>
<msg timestamp="20220826 22:22:25.637" level="INFO">76, 177, 124
['76', '177', '124']</msg>
<msg timestamp="20220826 22:22:25.637" level="INFO">${hex_color} = 4CB17C</msg>
<status status="PASS" starttime="20220826 22:22:25.637" endtime="20220826 22:22:25.637"/>
</kw>
<kw name="Log To Console" library="BuiltIn">
<arg>${hex_color}</arg>
<doc>Logs the given message to the console.</doc>
<status status="PASS" starttime="20220826 22:22:25.637" endtime="20220826 22:22:25.639"/>
</kw>
<kw name="Create List" library="BuiltIn">
<var>${login}</var>
<arg>${email_out}</arg>
<arg>${pass_ramdom}</arg>
<doc>Returns a list containing given items.</doc>
<msg timestamp="20220826 22:22:25.639" level="INFO">${login} = ['39806@gmail.com', 'GZYtlK']</msg>
<status status="PASS" starttime="20220826 22:22:25.639" endtime="20220826 22:22:25.639"/>
</kw>
<status status="PASS" starttime="20220826 22:22:23.301" endtime="20220826 22:22:25.639"/>
</kw>
<kw name="click the my account link" library="header_resources">
<kw name="Click Element" library="SeleniumLibrary">
<arg>${myacccount_headerlink}</arg>
<doc>Click the element identified by ``locator``.</doc>
<msg timestamp="20220826 22:22:25.639" level="INFO">Clicking element 'xpath://div[@class = 'header-links']//a[text() = 'My account']'.</msg>
<status status="PASS" starttime="20220826 22:22:25.639" endtime="20220826 22:22:26.178"/>
</kw>
<status status="PASS" starttime="20220826 22:22:25.639" endtime="20220826 22:22:26.178"/>
</kw>
<kw name="Click link address" library="account_resources">
<kw name="Click Element" library="SeleniumLibrary">
<arg>${link_address}</arg>
<doc>Click the element identified by ``locator``.</doc>
<msg timestamp="20220826 22:22:26.179" level="INFO">Clicking element 'xpath://div[@class = 'listbox']//a[text() = 'Addresses']'.</msg>
<status status="PASS" starttime="20220826 22:22:26.179" endtime="20220826 22:22:26.784"/>
</kw>
<status status="PASS" starttime="20220826 22:22:26.179" endtime="20220826 22:22:26.784"/>
</kw>
<kw name="click button add new" library="address_resources">
<kw name="Click Button" library="SeleniumLibrary">
<arg>${btn_add_new}</arg>
<doc>Clicks the button identified by ``locator``.</doc>
<msg timestamp="20220826 22:22:26.786" level="INFO">Clicking button 'xpath://button[text() = 'Add new']'.</msg>
<status status="PASS" starttime="20220826 22:22:26.785" endtime="20220826 22:22:27.438"/>
</kw>
<status status="PASS" starttime="20220826 22:22:26.785" endtime="20220826 22:22:27.438"/>
</kw>
<kw name="create address" library="address_resources">
<arg>John</arg>
<arg>Doe</arg>
<arg>346@gmail.com</arg>
<arg>United States</arg>
<arg>Alabama</arg>
<arg>Texas</arg>
<arg>San Antonio</arg>
<arg>71200</arg>
<arg>0123456789</arg>
<kw name="Enter address first name" library="address_resources">
<arg>${Address_FirstName_input}</arg>
<kw name="Input Text" library="SeleniumLibrary">
<arg>${Address_FirstName}</arg>
<arg>${Address_FirstName_input}</arg>
<doc>Types the given ``text`` into the text field identified by ``locator``.</doc>
<msg timestamp="20220826 22:22:27.440" level="INFO">Typing text 'John' into text field 'id:Address_FirstName'.</msg>
<status status="PASS" starttime="20220826 22:22:27.440" endtime="20220826 22:22:27.514"/>
</kw>
<status status="PASS" starttime="20220826 22:22:27.439" endtime="20220826 22:22:27.514"/>
</kw>
<kw name="Enter address lastname" library="address_resources">
<arg>${Address_LastName_input}</arg>
<kw name="Input Text" library="SeleniumLibrary">
<arg>${Address_LastName}</arg>
<arg>${Address_LastName_input}</arg>
<doc>Types the given ``text`` into the text field identified by ``locator``.</doc>
<msg timestamp="20220826 22:22:27.515" level="INFO">Typing text 'Doe' into text field 'id:Address_LastName'.</msg>
<status status="PASS" starttime="20220826 22:22:27.514" endtime="20220826 22:22:27.586"/>
</kw>
<status status="PASS" starttime="20220826 22:22:27.514" endtime="20220826 22:22:27.586"/>
</kw>
<kw name="Enter address email" library="address_resources">
<arg>${email_input}</arg>
<kw name="Input Text" library="SeleniumLibrary">
<arg>${Address_Email}</arg>
<arg>${email_input}</arg>
<doc>Types the given ``text`` into the text field identified by ``locator``.</doc>
<msg timestamp="20220826 22:22:27.586" level="INFO">Typing text '346@gmail.com' into text field 'id:Address_Email'.</msg>
<status status="PASS" starttime="20220826 22:22:27.586" endtime="20220826 22:22:27.657"/>
</kw>
<status status="PASS" starttime="20220826 22:22:27.586" endtime="20220826 22:22:27.657"/>
</kw>
<kw name="Select Address_CountryId" library="address_resources">
<arg>${Address_CountryId_input}</arg>
<kw name="Select From List By Label" library="SeleniumLibrary">
<arg>${Address_CountryId}</arg>
<arg>${Address_CountryId_input}</arg>
<doc>Selects options from selection list ``locator`` by ``labels``.</doc>
<msg timestamp="20220826 22:22:27.658" level="INFO">Selecting options from selection list 'id:Address_CountryId' by label United States.</msg>
<status status="PASS" starttime="20220826 22:22:27.658" endtime="20220826 22:22:27.710"/>
</kw>
<status status="PASS" starttime="20220826 22:22:27.657" endtime="20220826 22:22:27.710"/>
</kw>
<kw name="wait state load" library="address_resources">
<kw name="Wait Until Element Is Not Visible" library="SeleniumLibrary">
<arg>${lbl_wait}</arg>
<doc>Waits until the element ``locator`` is not visible.</doc>
<status status="PASS" starttime="20220826 22:22:27.711" endtime="20220826 22:22:28.206"/>
</kw>
<status status="PASS" starttime="20220826 22:22:27.711" endtime="20220826 22:22:28.206"/>
</kw>
<kw name="Select Address_StateProvinceId" library="address_resources">
<arg>${Address_StateProvinceId_input}</arg>
<kw name="Select From List By Label" library="SeleniumLibrary">
<arg>${Address_StateProvinceId}</arg>
<arg>${Address_StateProvinceId_input}</arg>
<doc>Selects options from selection list ``locator`` by ``labels``.</doc>
<msg timestamp="20220826 22:22:28.207" level="INFO">Selecting options from selection list 'id:Address_StateProvinceId' by label Alabama.</msg>
<status status="PASS" starttime="20220826 22:22:28.206" endtime="20220826 22:22:28.256"/>
</kw>
<status status="PASS" starttime="20220826 22:22:28.206" endtime="20220826 22:22:28.256"/>
</kw>
<kw name="Enter Address_City" library="address_resources">
<arg>${Address_City_input}</arg>
<kw name="Input Text" library="SeleniumLibrary">
<arg>${Address_City}</arg>
<arg>${Address_City_input}</arg>
<doc>Types the given ``text`` into the text field identified by ``locator``.</doc>
<msg timestamp="20220826 22:22:28.257" level="INFO">Typing text 'Texas' into text field 'id:Address_City'.</msg>
<status status="PASS" starttime="20220826 22:22:28.257" endtime="20220826 22:22:28.324"/>
</kw>
<status status="PASS" starttime="20220826 22:22:28.256" endtime="20220826 22:22:28.324"/>
</kw>
<kw name="Enter Address_Address1" library="address_resources">
<arg>${Address_Address1_input}</arg>
<kw name="Input Text" library="SeleniumLibrary">
<arg>${Address_Address1}</arg>
<arg>${Address_Address1_input}</arg>
<doc>Types the given ``text`` into the text field identified by ``locator``.</doc>
<msg timestamp="20220826 22:22:28.325" level="INFO">Typing text 'San Antonio' into text field 'id:Address_Address1'.</msg>
<status status="PASS" starttime="20220826 22:22:28.324" endtime="20220826 22:22:28.407"/>
</kw>
<status status="PASS" starttime="20220826 22:22:28.324" endtime="20220826 22:22:28.407"/>
</kw>
<kw name="Enter Address_ZipPostalCode" library="address_resources">
<arg>${Address_ZipPostalCode_input}</arg>
<kw name="Input Text" library="SeleniumLibrary">
<arg>${Address_ZipPostalCode}</arg>
<arg>${Address_ZipPostalCode_input}</arg>
<doc>Types the given ``text`` into the text field identified by ``locator``.</doc>
<msg timestamp="20220826 22:22:28.408" level="INFO">Typing text '71200' into text field 'id:Address_ZipPostalCode'.</msg>
<status status="PASS" starttime="20220826 22:22:28.408" endtime="20220826 22:22:28.479"/>
</kw>
<status status="PASS" starttime="20220826 22:22:28.407" endtime="20220826 22:22:28.480"/>
</kw>
<kw name="Enter Address_PhoneNumber" library="address_resources">
<arg>${Address_PhoneNumber_input}</arg>
<kw name="Input Text" library="SeleniumLibrary">
<arg>${Address_PhoneNumber}</arg>
<arg>${Address_PhoneNumber_input}</arg>
<doc>Types the given ``text`` into the text field identified by ``locator``.</doc>
<msg timestamp="20220826 22:22:28.481" level="INFO">Typing text '0123456789' into text field 'id:Address_PhoneNumber'.</msg>
<status status="PASS" starttime="20220826 22:22:28.481" endtime="20220826 22:22:28.552"/>
</kw>
<status status="PASS" starttime="20220826 22:22:28.480" endtime="20220826 22:22:28.552"/>
</kw>
<kw name="Click btn save" library="address_resources">
<kw name="Click Button" library="SeleniumLibrary">
<arg>${btn_save}</arg>
<doc>Clicks the button identified by ``locator``.</doc>
<msg timestamp="20220826 22:22:28.553" level="INFO">Clicking button 'xpath://button[text() ='Save']'.</msg>
<status status="PASS" starttime="20220826 22:22:28.552" endtime="20220826 22:22:29.498"/>
</kw>
<status status="PASS" starttime="20220826 22:22:28.552" endtime="20220826 22:22:29.498"/>
</kw>
<status status="PASS" starttime="20220826 22:22:27.439" endtime="20220826 22:22:29.498"/>
</kw>
<kw name="Sleep" library="BuiltIn">
<arg>3</arg>
<doc>Pauses the test executed for the given time.</doc>
<msg timestamp="20220826 22:22:32.511" level="INFO">Slept 3 seconds</msg>
<status status="PASS" starttime="20220826 22:22:29.499" endtime="20220826 22:22:32.511"/>
</kw>
<kw name="Close my browser" library="common_resources" type="TEARDOWN">
<kw name="Close All Browsers" library="SeleniumLibrary">
<doc>Closes all open browsers and resets the browser cache.</doc>
<status status="PASS" starttime="20220826 22:22:32.512" endtime="20220826 22:22:34.635"/>
</kw>
<status status="PASS" starttime="20220826 22:22:32.511" endtime="20220826 22:22:34.635"/>
</kw>
<tag>Address</tag>
<tag>ADDRESS-001</tag>
<status status="PASS" starttime="20220826 22:22:19.371" endtime="20220826 22:22:34.637"/>
</test>
<test id="s1-s2-t2" name="Verify that an error message displays when the user leaves the required field BLANK." line="26">
<kw name="open my browser" library="common_resources" type="SETUP">
<arg>${url}</arg>
<arg>${browser}</arg>
<kw name="Open Browser" library="SeleniumLibrary">
<arg>${url}</arg>
<arg>${browser}</arg>
<doc>Opens a new browser instance to the optional ``url``.</doc>
<msg timestamp="20220826 22:22:34.646" level="INFO">Opening browser 'chrome' to base url 'https://demo.nopcommerce.com/register'.</msg>
<status status="PASS" starttime="20220826 22:22:34.645" endtime="20220826 22:22:37.483"/>
</kw>
<kw name="Maximize Browser Window" library="SeleniumLibrary">
<doc>Maximizes current browser window.</doc>
<status status="PASS" starttime="20220826 22:22:37.484" endtime="20220826 22:22:37.601"/>
</kw>
<status status="PASS" starttime="20220826 22:22:34.643" endtime="20220826 22:22:37.601"/>
</kw>
<kw name="Create account with VALID information email ramdom" library="register_resource">
<arg>M</arg>
<arg>John</arg>
<arg>Doe</arg>
<arg>12</arg>
<arg>10</arg>
<arg>2000</arg>
<kw name="select gender" library="register_resource">
<arg>${gender_input}</arg>
<kw name="Select Radio Button" library="SeleniumLibrary">
<arg>${gender_name}</arg>
<arg>${value_gender}</arg>
<doc>Sets the radio button group ``group_name`` to ``value``.</doc>
<msg timestamp="20220826 22:22:37.603" level="INFO">Selecting 'M' from radio button 'Gender'.</msg>
<status status="PASS" starttime="20220826 22:22:37.602" endtime="20220826 22:22:37.657"/>
</kw>
<status status="PASS" starttime="20220826 22:22:37.602" endtime="20220826 22:22:37.657"/>
</kw>
<kw name="Enter first name" library="register_resource">
<arg>${first_name_input}</arg>
<kw name="Input Text" library="SeleniumLibrary">
<arg>${first_name}</arg>
<arg>${first_name_str}</arg>
<doc>Types the given ``text`` into the text field identified by ``locator``.</doc>
<msg timestamp="20220826 22:22:37.658" level="INFO">Typing text 'John' into text field 'id:FirstName'.</msg>
<status status="PASS" starttime="20220826 22:22:37.657" endtime="20220826 22:22:37.741"/>
</kw>
<status status="PASS" starttime="20220826 22:22:37.657" endtime="20220826 22:22:37.741"/>
</kw>
<kw name="Enter last name" library="register_resource">
<arg>${last_name_input}</arg>
<kw name="Input Text" library="SeleniumLibrary">
<arg>${last_name}</arg>
<arg>${last_name_str}</arg>
<doc>Types the given ``text`` into the text field identified by ``locator``.</doc>
<msg timestamp="20220826 22:22:37.742" level="INFO">Typing text 'Doe' into text field 'id:LastName'.</msg>
<status status="PASS" starttime="20220826 22:22:37.741" endtime="20220826 22:22:37.825"/>
</kw>
<status status="PASS" starttime="20220826 22:22:37.741" endtime="20220826 22:22:37.825"/>
</kw>
<kw name="Select date of birth" library="register_resource">
<arg>${day_input}</arg>
<arg>${month_input}</arg>
<arg>${year_input}</arg>
<kw name="Select From List By Value" library="SeleniumLibrary">
<arg>${list_day}</arg>
<arg>${day}</arg>
<doc>Selects options from selection list ``locator`` by ``values``.</doc>
<msg timestamp="20220826 22:22:37.826" level="INFO">Selecting options from selection list 'xpath://select[@name='DateOfBirthDay']' by value 12.</msg>
<status status="PASS" starttime="20220826 22:22:37.826" endtime="20220826 22:22:37.878"/>
</kw>
<kw name="Select From List By Value" library="SeleniumLibrary">
<arg>${list_month}</arg>
<arg>${month}</arg>
<doc>Selects options from selection list ``locator`` by ``values``.</doc>
<msg timestamp="20220826 22:22:37.879" level="INFO">Selecting options from selection list 'xpath://select[@name='DateOfBirthMonth']' by value 10.</msg>
<status status="PASS" starttime="20220826 22:22:37.879" endtime="20220826 22:22:37.924"/>
</kw>
<kw name="Select From List By Value" library="SeleniumLibrary">
<arg>${list_year}</arg>
<arg>${year}</arg>
<doc>Selects options from selection list ``locator`` by ``values``.</doc>
<msg timestamp="20220826 22:22:37.925" level="INFO">Selecting options from selection list 'xpath://select[@name='DateOfBirthYear']' by value 2000.</msg>
<status status="PASS" starttime="20220826 22:22:37.924" endtime="20220826 22:22:37.971"/>
</kw>
<status status="PASS" starttime="20220826 22:22:37.825" endtime="20220826 22:22:37.971"/>
</kw>
<kw name="Execute Javascript" library="SeleniumLibrary">
<arg>document.getElementById("Email").value = Math.round(Math.random()*100000)+"@gmail.com"</arg>
<doc>Executes the given JavaScript code with possible arguments.</doc>
<msg timestamp="20220826 22:22:37.971" level="INFO">Executing JavaScript:
document.getElementById("Email").value = Math.round(Math.random()*100000)+"@gmail.com"
Without any arguments.</msg>
<status status="PASS" starttime="20220826 22:22:37.971" endtime="20220826 22:22:37.974"/>
</kw>
<kw name="Get Value" library="SeleniumLibrary">
<var>${email_out}</var>
<arg>${email}</arg>
<doc>Returns the value attribute of the element identified by ``locator``.</doc>
<msg timestamp="20220826 22:22:37.992" level="INFO">${email_out} = 14804@gmail.com</msg>
<status status="PASS" starttime="20220826 22:22:37.975" endtime="20220826 22:22:37.992"/>
</kw>
<kw name="Generate Random String" library="String">
<var>${pass_ramdom}</var>
<arg>6</arg>
<doc>Generates a string with a desired ``length`` from the given ``chars``.</doc>
<msg timestamp="20220826 22:22:37.992" level="INFO">${pass_ramdom} = a2gnol</msg>
<status status="PASS" starttime="20220826 22:22:37.992" endtime="20220826 22:22:37.992"/>
</kw>
<kw name="Enter password" library="register_resource">
<arg>${pass_ramdom}</arg>
<kw name="Input Text" library="SeleniumLibrary">
<arg>${password}</arg>
<arg>${password_str}</arg>
<doc>Types the given ``text`` into the text field identified by ``locator``.</doc>
<msg timestamp="20220826 22:22:37.993" level="INFO">Typing text 'a2gnol' into text field 'id:Password'.</msg>
<status status="PASS" starttime="20220826 22:22:37.993" endtime="20220826 22:22:38.057"/>
</kw>
<status status="PASS" starttime="20220826 22:22:37.993" endtime="20220826 22:22:38.057"/>
</kw>
<kw name="Enter confirm password" library="register_resource">
<arg>${pass_ramdom}</arg>
<kw name="Input Text" library="SeleniumLibrary">
<arg>${confirm_password}</arg>
<arg>${confirm_password_str}</arg>
<doc>Types the given ``text`` into the text field identified by ``locator``.</doc>
<msg timestamp="20220826 22:22:38.058" level="INFO">Typing text 'a2gnol' into text field 'id:ConfirmPassword'.</msg>
<status status="PASS" starttime="20220826 22:22:38.058" endtime="20220826 22:22:38.126"/>
</kw>
<status status="PASS" starttime="20220826 22:22:38.058" endtime="20220826 22:22:38.126"/>
</kw>
<kw name="Click the register button" library="register_resource">
<kw name="Click Button" library="SeleniumLibrary">
<arg>${register_button}</arg>
<doc>Clicks the button identified by ``locator``.</doc>
<msg timestamp="20220826 22:22:38.127" level="INFO">Clicking button 'id:register-button'.</msg>
<status status="PASS" starttime="20220826 22:22:38.127" endtime="20220826 22:22:39.874"/>
</kw>
<status status="PASS" starttime="20220826 22:22:38.126" endtime="20220826 22:22:39.874"/>
</kw>
<kw name="Get Location" library="SeleniumLibrary">
<var>${locate}</var>
<doc>Returns the current browser window URL.</doc>
<msg timestamp="20220826 22:22:39.880" level="INFO">${locate} = https://demo.nopcommerce.com/registerresult/1</msg>
<status status="PASS" starttime="20220826 22:22:39.874" endtime="20220826 22:22:39.880"/>
</kw>
<kw name="Log To Console" library="BuiltIn">
<arg>${locate}</arg>
<doc>Logs the given message to the console.</doc>
<status status="PASS" starttime="20220826 22:22:39.880" endtime="20220826 22:22:39.881"/>
</kw>
<kw name="Element Should Be Visible" library="SeleniumLibrary">
<arg>xpath://div[text() = 'Your registration completed']</arg>
<doc>Verifies that the element identified by ``locator`` is visible.</doc>
<msg timestamp="20220826 22:22:39.901" level="INFO">Element 'xpath://div[text() = 'Your registration completed']' is displayed.</msg>
<status status="PASS" starttime="20220826 22:22:39.881" endtime="20220826 22:22:39.901"/>
</kw>
<kw name="Execute Javascript" library="SeleniumLibrary">
<var>${color}</var>
<arg>return window.getComputedStyle(document.evaluate("//div[text() = 'Your registration completed']", document , null, XPathResult.FIRST_ORDERED_NODE_TYPE, null).singleNodeValue,null).getPropertyValue('color');</arg>
<doc>Executes the given JavaScript code with possible arguments.</doc>
<msg timestamp="20220826 22:22:39.901" level="INFO">Executing JavaScript:
return window.getComputedStyle(document.evaluate("//div[text() = 'Your registration completed']", document , null, XPathResult.FIRST_ORDERED_NODE_TYPE, null).singleNodeValue,null).getPropertyValue('color');
Without any arguments.</msg>
<msg timestamp="20220826 22:22:39.906" level="INFO">${color} = rgb(76, 177, 124)</msg>
<status status="PASS" starttime="20220826 22:22:39.901" endtime="20220826 22:22:39.906"/>
</kw>
<kw name="Transform RGB To HEX" library="lib">
<var>${hex_color}</var>
<arg>${color}</arg>
<msg timestamp="20220826 22:22:39.907" level="INFO">76, 177, 124
['76', '177', '124']</msg>
<msg timestamp="20220826 22:22:39.907" level="INFO">${hex_color} = 4CB17C</msg>
<status status="PASS" starttime="20220826 22:22:39.907" endtime="20220826 22:22:39.907"/>
</kw>
<kw name="Log To Console" library="BuiltIn">
<arg>${hex_color}</arg>
<doc>Logs the given message to the console.</doc>
<status status="PASS" starttime="20220826 22:22:39.907" endtime="20220826 22:22:39.907"/>
</kw>
<kw name="Create List" library="BuiltIn">
<var>${login}</var>
<arg>${email_out}</arg>
<arg>${pass_ramdom}</arg>
<doc>Returns a list containing given items.</doc>
<msg timestamp="20220826 22:22:39.908" level="INFO">${login} = ['14804@gmail.com', 'a2gnol']</msg>
<status status="PASS" starttime="20220826 22:22:39.907" endtime="20220826 22:22:39.908"/>
</kw>
<status status="PASS" starttime="20220826 22:22:37.602" endtime="20220826 22:22:39.908"/>
</kw>
<kw name="click the my account link" library="header_resources">
<kw name="Click Element" library="SeleniumLibrary">
<arg>${myacccount_headerlink}</arg>
<doc>Click the element identified by ``locator``.</doc>
<msg timestamp="20220826 22:22:39.909" level="INFO">Clicking element 'xpath://div[@class = 'header-links']//a[text() = 'My account']'.</msg>
<status status="PASS" starttime="20220826 22:22:39.908" endtime="20220826 22:22:40.496"/>
</kw>
<status status="PASS" starttime="20220826 22:22:39.908" endtime="20220826 22:22:40.497"/>
</kw>
<kw name="Click link address" library="account_resources">
<kw name="Click Element" library="SeleniumLibrary">
<arg>${link_address}</arg>
<doc>Click the element identified by ``locator``.</doc>
<msg timestamp="20220826 22:22:40.498" level="INFO">Clicking element 'xpath://div[@class = 'listbox']//a[text() = 'Addresses']'.</msg>
<status status="PASS" starttime="20220826 22:22:40.498" endtime="20220826 22:22:41.012"/>
</kw>
<status status="PASS" starttime="20220826 22:22:40.497" endtime="20220826 22:22:41.012"/>
</kw>
<kw name="click button add new" library="address_resources">
<kw name="Click Button" library="SeleniumLibrary">
<arg>${btn_add_new}</arg>
<doc>Clicks the button identified by ``locator``.</doc>
<msg timestamp="20220826 22:22:41.013" level="INFO">Clicking button 'xpath://button[text() = 'Add new']'.</msg>
<status status="PASS" starttime="20220826 22:22:41.013" endtime="20220826 22:22:41.639"/>
</kw>
<status status="PASS" starttime="20220826 22:22:41.013" endtime="20220826 22:22:41.639"/>
</kw>
<kw name="create address" library="address_resources">
<arg>${EMPTY}</arg>
<arg>Doe</arg>
<arg>346@gmail.com</arg>
<arg>United States</arg>
<arg>Alabama</arg>
<arg>Texas</arg>
<arg>San Antonio</arg>
<arg>71200</arg>
<arg>0123456789</arg>
<kw name="Enter address first name" library="address_resources">
<arg>${Address_FirstName_input}</arg>
<kw name="Input Text" library="SeleniumLibrary">
<arg>${Address_FirstName}</arg>
<arg>${Address_FirstName_input}</arg>
<doc>Types the given ``text`` into the text field identified by ``locator``.</doc>
<msg timestamp="20220826 22:22:41.641" level="INFO">Typing text '' into text field 'id:Address_FirstName'.</msg>
<status status="PASS" starttime="20220826 22:22:41.641" endtime="20220826 22:22:41.711"/>
</kw>
<status status="PASS" starttime="20220826 22:22:41.640" endtime="20220826 22:22:41.711"/>
</kw>
<kw name="Enter address lastname" library="address_resources">
<arg>${Address_LastName_input}</arg>
<kw name="Input Text" library="SeleniumLibrary">
<arg>${Address_LastName}</arg>
<arg>${Address_LastName_input}</arg>
<doc>Types the given ``text`` into the text field identified by ``locator``.</doc>
<msg timestamp="20220826 22:22:41.712" level="INFO">Typing text 'Doe' into text field 'id:Address_LastName'.</msg>
<status status="PASS" starttime="20220826 22:22:41.712" endtime="20220826 22:22:41.781"/>
</kw>
<status status="PASS" starttime="20220826 22:22:41.711" endtime="20220826 22:22:41.782"/>
</kw>
<kw name="Enter address email" library="address_resources">
<arg>${email_input}</arg>
<kw name="Input Text" library="SeleniumLibrary">
<arg>${Address_Email}</arg>
<arg>${email_input}</arg>
<doc>Types the given ``text`` into the text field identified by ``locator``.</doc>
<msg timestamp="20220826 22:22:41.782" level="INFO">Typing text '346@gmail.com' into text field 'id:Address_Email'.</msg>
<status status="PASS" starttime="20220826 22:22:41.782" endtime="20220826 22:22:41.856"/>
</kw>
<status status="PASS" starttime="20220826 22:22:41.782" endtime="20220826 22:22:41.856"/>
</kw>
<kw name="Select Address_CountryId" library="address_resources">
<arg>${Address_CountryId_input}</arg>
<kw name="Select From List By Label" library="SeleniumLibrary">
<arg>${Address_CountryId}</arg>
<arg>${Address_CountryId_input}</arg>
<doc>Selects options from selection list ``locator`` by ``labels``.</doc>
<msg timestamp="20220826 22:22:41.857" level="INFO">Selecting options from selection list 'id:Address_CountryId' by label United States.</msg>
<status status="PASS" starttime="20220826 22:22:41.857" endtime="20220826 22:22:41.912"/>
</kw>
<status status="PASS" starttime="20220826 22:22:41.856" endtime="20220826 22:22:41.912"/>
</kw>
<kw name="wait state load" library="address_resources">
<kw name="Wait Until Element Is Not Visible" library="SeleniumLibrary">
<arg>${lbl_wait}</arg>
<doc>Waits until the element ``locator`` is not visible.</doc>
<status status="PASS" starttime="20220826 22:22:41.913" endtime="20220826 22:22:42.396"/>
</kw>
<status status="PASS" starttime="20220826 22:22:41.912" endtime="20220826 22:22:42.396"/>
</kw>
<kw name="Select Address_StateProvinceId" library="address_resources">
<arg>${Address_StateProvinceId_input}</arg>
<kw name="Select From List By Label" library="SeleniumLibrary">
<arg>${Address_StateProvinceId}</arg>
<arg>${Address_StateProvinceId_input}</arg>
<doc>Selects options from selection list ``locator`` by ``labels``.</doc>
<msg timestamp="20220826 22:22:42.397" level="INFO">Selecting options from selection list 'id:Address_StateProvinceId' by label Alabama.</msg>
<status status="PASS" starttime="20220826 22:22:42.396" endtime="20220826 22:22:42.447"/>
</kw>
<status status="PASS" starttime="20220826 22:22:42.396" endtime="20220826 22:22:42.447"/>
</kw>
<kw name="Enter Address_City" library="address_resources">
<arg>${Address_City_input}</arg>
<kw name="Input Text" library="SeleniumLibrary">
<arg>${Address_City}</arg>
<arg>${Address_City_input}</arg>
<doc>Types the given ``text`` into the text field identified by ``locator``.</doc>
<msg timestamp="20220826 22:22:42.448" level="INFO">Typing text 'Texas' into text field 'id:Address_City'.</msg>
<status status="PASS" starttime="20220826 22:22:42.447" endtime="20220826 22:22:42.515"/>
</kw>
<status status="PASS" starttime="20220826 22:22:42.447" endtime="20220826 22:22:42.515"/>
</kw>
<kw name="Enter Address_Address1" library="address_resources">
<arg>${Address_Address1_input}</arg>
<kw name="Input Text" library="SeleniumLibrary">
<arg>${Address_Address1}</arg>
<arg>${Address_Address1_input}</arg>
<doc>Types the given ``text`` into the text field identified by ``locator``.</doc>
<msg timestamp="20220826 22:22:42.517" level="INFO">Typing text 'San Antonio' into text field 'id:Address_Address1'.</msg>
<status status="PASS" starttime="20220826 22:22:42.517" endtime="20220826 22:22:42.590"/>
</kw>
<status status="PASS" starttime="20220826 22:22:42.515" endtime="20220826 22:22:42.590"/>
</kw>
<kw name="Enter Address_ZipPostalCode" library="address_resources">
<arg>${Address_ZipPostalCode_input}</arg>
<kw name="Input Text" library="SeleniumLibrary">
<arg>${Address_ZipPostalCode}</arg>
<arg>${Address_ZipPostalCode_input}</arg>
<doc>Types the given ``text`` into the text field identified by ``locator``.</doc>
<msg timestamp="20220826 22:22:42.591" level="INFO">Typing text '71200' into text field 'id:Address_ZipPostalCode'.</msg>
<status status="PASS" starttime="20220826 22:22:42.590" endtime="20220826 22:22:42.666"/>
</kw>
<status status="PASS" starttime="20220826 22:22:42.590" endtime="20220826 22:22:42.666"/>
</kw>
<kw name="Enter Address_PhoneNumber" library="address_resources">
<arg>${Address_PhoneNumber_input}</arg>
<kw name="Input Text" library="SeleniumLibrary">
<arg>${Address_PhoneNumber}</arg>
<arg>${Address_PhoneNumber_input}</arg>
<doc>Types the given ``text`` into the text field identified by ``locator``.</doc>
<msg timestamp="20220826 22:22:42.667" level="INFO">Typing text '0123456789' into text field 'id:Address_PhoneNumber'.</msg>
<status status="PASS" starttime="20220826 22:22:42.666" endtime="20220826 22:22:42.739"/>
</kw>
<status status="PASS" starttime="20220826 22:22:42.666" endtime="20220826 22:22:42.739"/>
</kw>
<kw name="Click btn save" library="address_resources">
<kw name="Click Button" library="SeleniumLibrary">
<arg>${btn_save}</arg>
<doc>Clicks the button identified by ``locator``.</doc>
<msg timestamp="20220826 22:22:42.740" level="INFO">Clicking button 'xpath://button[text() ='Save']'.</msg>
<status status="PASS" starttime="20220826 22:22:42.739" endtime="20220826 22:22:42.795"/>
</kw>
<status status="PASS" starttime="20220826 22:22:42.739" endtime="20220826 22:22:42.796"/>
</kw>
<status status="PASS" starttime="20220826 22:22:41.639" endtime="20220826 22:22:42.796"/>
</kw>
<kw name="Display input error message" library="address_resources">
<kw name="Get Text" library="SeleniumLibrary">
<var>${list_mess}</var>
<arg>${error_message}</arg>
<doc>Returns the text value of the element identified by ``locator``.</doc>
<msg timestamp="20220826 22:22:42.817" level="INFO">${list_mess} = First name is required.</msg>
<status status="PASS" starttime="20220826 22:22:42.797" endtime="20220826 22:22:42.817"/>
</kw>
<kw name="Log To Console" library="BuiltIn">
<arg>${list_mess}</arg>
<doc>Logs the given message to the console.</doc>
<status status="PASS" starttime="20220826 22:22:42.817" endtime="20220826 22:22:42.818"/>
</kw>
<status status="PASS" starttime="20220826 22:22:42.796" endtime="20220826 22:22:42.818"/>
</kw>
<kw name="create address" library="address_resources">
<arg>John</arg>
<arg>${EMPTY}</arg>
<arg>346@gmail.com</arg>
<arg>United States</arg>
<arg>Alabama</arg>
<arg>Texas</arg>
<arg>San Antonio</arg>
<arg>71200</arg>
<arg>0123456789</arg>
<kw name="Enter address first name" library="address_resources">
<arg>${Address_FirstName_input}</arg>
<kw name="Input Text" library="SeleniumLibrary">
<arg>${Address_FirstName}</arg>
<arg>${Address_FirstName_input}</arg>
<doc>Types the given ``text`` into the text field identified by ``locator``.</doc>
<msg timestamp="20220826 22:22:42.820" level="INFO">Typing text 'John' into text field 'id:Address_FirstName'.</msg>
<status status="PASS" starttime="20220826 22:22:42.819" endtime="20220826 22:22:42.861"/>
</kw>
<status status="PASS" starttime="20220826 22:22:42.819" endtime="20220826 22:22:42.861"/>
</kw>
<kw name="Enter address lastname" library="address_resources">
<arg>${Address_LastName_input}</arg>
<kw name="Input Text" library="SeleniumLibrary">
<arg>${Address_LastName}</arg>
<arg>${Address_LastName_input}</arg>
<doc>Types the given ``text`` into the text field identified by ``locator``.</doc>
<msg timestamp="20220826 22:22:42.862" level="INFO">Typing text '' into text field 'id:Address_LastName'.</msg>
<status status="PASS" starttime="20220826 22:22:42.862" endtime="20220826 22:22:42.909"/>
</kw>
<status status="PASS" starttime="20220826 22:22:42.862" endtime="20220826 22:22:42.910"/>
</kw>
<kw name="Enter address email" library="address_resources">
<arg>${email_input}</arg>
<kw name="Input Text" library="SeleniumLibrary">
<arg>${Address_Email}</arg>
<arg>${email_input}</arg>
<doc>Types the given ``text`` into the text field identified by ``locator``.</doc>
<msg timestamp="20220826 22:22:42.913" level="INFO">Typing text '346@gmail.com' into text field 'id:Address_Email'.</msg>
<status status="PASS" starttime="20220826 22:22:42.912" endtime="20220826 22:22:42.969"/>
</kw>
<status status="PASS" starttime="20220826 22:22:42.910" endtime="20220826 22:22:42.969"/>
</kw>
<kw name="Select Address_CountryId" library="address_resources">
<arg>${Address_CountryId_input}</arg>
<kw name="Select From List By Label" library="SeleniumLibrary">
<arg>${Address_CountryId}</arg>
<arg>${Address_CountryId_input}</arg>
<doc>Selects options from selection list ``locator`` by ``labels``.</doc>
<msg timestamp="20220826 22:22:42.970" level="INFO">Selecting options from selection list 'id:Address_CountryId' by label United States.</msg>
<status status="PASS" starttime="20220826 22:22:42.970" endtime="20220826 22:22:42.996"/>
</kw>
<status status="PASS" starttime="20220826 22:22:42.969" endtime="20220826 22:22:42.996"/>
</kw>
<kw name="wait state load" library="address_resources">
<kw name="Wait Until Element Is Not Visible" library="SeleniumLibrary">
<arg>${lbl_wait}</arg>
<doc>Waits until the element ``locator`` is not visible.</doc>
<status status="PASS" starttime="20220826 22:22:42.996" endtime="20220826 22:22:43.008"/>
</kw>
<status status="PASS" starttime="20220826 22:22:42.996" endtime="20220826 22:22:43.008"/>
</kw>
<kw name="Select Address_StateProvinceId" library="address_resources">
<arg>${Address_StateProvinceId_input}</arg>
<kw name="Select From List By Label" library="SeleniumLibrary">
<arg>${Address_StateProvinceId}</arg>
<arg>${Address_StateProvinceId_input}</arg>
<doc>Selects options from selection list ``locator`` by ``labels``.</doc>
<msg timestamp="20220826 22:22:43.009" level="INFO">Selecting options from selection list 'id:Address_StateProvinceId' by label Alabama.</msg>
<status status="PASS" starttime="20220826 22:22:43.009" endtime="20220826 22:22:43.029"/>
</kw>
<status status="PASS" starttime="20220826 22:22:43.009" endtime="20220826 22:22:43.029"/>
</kw>
<kw name="Enter Address_City" library="address_resources">
<arg>${Address_City_input}</arg>
<kw name="Input Text" library="SeleniumLibrary">
<arg>${Address_City}</arg>
<arg>${Address_City_input}</arg>
<doc>Types the given ``text`` into the text field identified by ``locator``.</doc>
<msg timestamp="20220826 22:22:43.030" level="INFO">Typing text 'Texas' into text field 'id:Address_City'.</msg>
<status status="PASS" starttime="20220826 22:22:43.030" endtime="20220826 22:22:43.079"/>
</kw>
<status status="PASS" starttime="20220826 22:22:43.029" endtime="20220826 22:22:43.079"/>
</kw>
<kw name="Enter Address_Address1" library="address_resources">
<arg>${Address_Address1_input}</arg>
<kw name="Input Text" library="SeleniumLibrary">
<arg>${Address_Address1}</arg>
<arg>${Address_Address1_input}</arg>
<doc>Types the given ``text`` into the text field identified by ``locator``.</doc>
<msg timestamp="20220826 22:22:43.080" level="INFO">Typing text 'San Antonio' into text field 'id:Address_Address1'.</msg>
<status status="PASS" starttime="20220826 22:22:43.079" endtime="20220826 22:22:43.137"/>
</kw>
<status status="PASS" starttime="20220826 22:22:43.079" endtime="20220826 22:22:43.137"/>
</kw>
<kw name="Enter Address_ZipPostalCode" library="address_resources">
<arg>${Address_ZipPostalCode_input}</arg>
<kw name="Input Text" library="SeleniumLibrary">
<arg>${Address_ZipPostalCode}</arg>
<arg>${Address_ZipPostalCode_input}</arg>
<doc>Types the given ``text`` into the text field identified by ``locator``.</doc>
<msg timestamp="20220826 22:22:43.138" level="INFO">Typing text '71200' into text field 'id:Address_ZipPostalCode'.</msg>
<status status="PASS" starttime="20220826 22:22:43.137" endtime="20220826 22:22:43.193"/>
</kw>
<status status="PASS" starttime="20220826 22:22:43.137" endtime="20220826 22:22:43.193"/>
</kw>
<kw name="Enter Address_PhoneNumber" library="address_resources">
<arg>${Address_PhoneNumber_input}</arg>
<kw name="Input Text" library="SeleniumLibrary">
<arg>${Address_PhoneNumber}</arg>
<arg>${Address_PhoneNumber_input}</arg>
<doc>Types the given ``text`` into the text field identified by ``locator``.</doc>
<msg timestamp="20220826 22:22:43.194" level="INFO">Typing text '0123456789' into text field 'id:Address_PhoneNumber'.</msg>
<status status="PASS" starttime="20220826 22:22:43.194" endtime="20220826 22:22:43.248"/>
</kw>
<status status="PASS" starttime="20220826 22:22:43.194" endtime="20220826 22:22:43.248"/>
</kw>
<kw name="Click btn save" library="address_resources">
<kw name="Click Button" library="SeleniumLibrary">
<arg>${btn_save}</arg>
<doc>Clicks the button identified by ``locator``.</doc>
<msg timestamp="20220826 22:22:43.248" level="INFO">Clicking button 'xpath://button[text() ='Save']'.</msg>
<status status="PASS" starttime="20220826 22:22:43.248" endtime="20220826 22:22:43.287"/>
</kw>
<status status="PASS" starttime="20220826 22:22:43.248" endtime="20220826 22:22:43.288"/>
</kw>
<status status="PASS" starttime="20220826 22:22:42.818" endtime="20220826 22:22:43.288"/>
</kw>
<kw name="Display input error message" library="address_resources">
<kw name="Get Text" library="SeleniumLibrary">
<var>${list_mess}</var>
<arg>${error_message}</arg>
<doc>Returns the text value of the element identified by ``locator``.</doc>
<msg timestamp="20220826 22:22:43.305" level="INFO">${list_mess} = Last name is required.</msg>
<status status="PASS" starttime="20220826 22:22:43.288" endtime="20220826 22:22:43.305"/>
</kw>
<kw name="Log To Console" library="BuiltIn">
<arg>${list_mess}</arg>
<doc>Logs the given message to the console.</doc>
<status status="PASS" starttime="20220826 22:22:43.305" endtime="20220826 22:22:43.306"/>
</kw>
<status status="PASS" starttime="20220826 22:22:43.288" endtime="20220826 22:22:43.306"/>
</kw>
<kw name="create address" library="address_resources">
<arg>John</arg>
<arg>Doe</arg>
<arg>${EMPTY}</arg>
<arg>United States</arg>
<arg>Alabama</arg>
<arg>Texas</arg>
<arg>San Antonio</arg>
<arg>71200</arg>
<arg>0123456789</arg>
<kw name="Enter address first name" library="address_resources">
<arg>${Address_FirstName_input}</arg>
<kw name="Input Text" library="SeleniumLibrary">
<arg>${Address_FirstName}</arg>
<arg>${Address_FirstName_input}</arg>
<doc>Types the given ``text`` into the text field identified by ``locator``.</doc>
<msg timestamp="20220826 22:22:43.308" level="INFO">Typing text 'John' into text field 'id:Address_FirstName'.</msg>
<status status="PASS" starttime="20220826 22:22:43.308" endtime="20220826 22:22:43.371"/>
</kw>
<status status="PASS" starttime="20220826 22:22:43.308" endtime="20220826 22:22:43.371"/>
</kw>
<kw name="Enter address lastname" library="address_resources">
<arg>${Address_LastName_input}</arg>
<kw name="Input Text" library="SeleniumLibrary">
<arg>${Address_LastName}</arg>
<arg>${Address_LastName_input}</arg>
<doc>Types the given ``text`` into the text field identified by ``locator``.</doc>
<msg timestamp="20220826 22:22:43.372" level="INFO">Typing text 'Doe' into text field 'id:Address_LastName'.</msg>
<status status="PASS" starttime="20220826 22:22:43.371" endtime="20220826 22:22:43.425"/>
</kw>
<status status="PASS" starttime="20220826 22:22:43.371" endtime="20220826 22:22:43.425"/>
</kw>
<kw name="Enter address email" library="address_resources">
<arg>${email_input}</arg>
<kw name="Input Text" library="SeleniumLibrary">
<arg>${Address_Email}</arg>
<arg>${email_input}</arg>
<doc>Types the given ``text`` into the text field identified by ``locator``.</doc>
<msg timestamp="20220826 22:22:43.426" level="INFO">Typing text '' into text field 'id:Address_Email'.</msg>
<status status="PASS" starttime="20220826 22:22:43.425" endtime="20220826 22:22:43.477"/>
</kw>
<status status="PASS" starttime="20220826 22:22:43.425" endtime="20220826 22:22:43.477"/>
</kw>
<kw name="Select Address_CountryId" library="address_resources">
<arg>${Address_CountryId_input}</arg>
<kw name="Select From List By Label" library="SeleniumLibrary">
<arg>${Address_CountryId}</arg>
<arg>${Address_CountryId_input}</arg>
<doc>Selects options from selection list ``locator`` by ``labels``.</doc>
<msg timestamp="20220826 22:22:43.478" level="INFO">Selecting options from selection list 'id:Address_CountryId' by label United States.</msg>
<status status="PASS" starttime="20220826 22:22:43.477" endtime="20220826 22:22:43.499"/>
</kw>
<status status="PASS" starttime="20220826 22:22:43.477" endtime="20220826 22:22:43.499"/>
</kw>
<kw name="wait state load" library="address_resources">
<kw name="Wait Until Element Is Not Visible" library="SeleniumLibrary">
<arg>${lbl_wait}</arg>
<doc>Waits until the element ``locator`` is not visible.</doc>
<status status="PASS" starttime="20220826 22:22:43.499" endtime="20220826 22:22:43.511"/>
</kw>
<status status="PASS" starttime="20220826 22:22:43.499" endtime="20220826 22:22:43.511"/>
</kw>
<kw name="Select Address_StateProvinceId" library="address_resources">
<arg>${Address_StateProvinceId_input}</arg>
<kw name="Select From List By Label" library="SeleniumLibrary">
<arg>${Address_StateProvinceId}</arg>
<arg>${Address_StateProvinceId_input}</arg>
<doc>Selects options from selection list ``locator`` by ``labels``.</doc>
<msg timestamp="20220826 22:22:43.512" level="INFO">Selecting options from selection list 'id:Address_StateProvinceId' by label Alabama.</msg>
<status status="PASS" starttime="20220826 22:22:43.511" endtime="20220826 22:22:43.532"/>
</kw>
<status status="PASS" starttime="20220826 22:22:43.511" endtime="20220826 22:22:43.532"/>
</kw>
[...]
</kw>
<status status="PASS" starttime="20220826 22:38:02.969" endtime="20220826 22:38:03.014"/>
</kw>
<kw name="scroll to top page" library="header_resources">
<kw name="Execute Javascript" library="SeleniumLibrary">
<arg>window.scrollTo(0,0);</arg>
<doc>Executes the given JavaScript code with possible arguments.</doc>
<msg timestamp="20220826 22:38:03.015" level="INFO">Executing JavaScript:
window.scrollTo(0,0);
Without any arguments.</msg>
<status status="PASS" starttime="20220826 22:38:03.014" endtime="20220826 22:38:03.020"/>
</kw>
<status status="PASS" starttime="20220826 22:38:03.014" endtime="20220826 22:38:03.020"/>
</kw>
<kw name="Sleep" library="BuiltIn">
<arg>1</arg>
<doc>Pauses the test executed for the given time.</doc>
<msg timestamp="20220826 22:38:04.022" level="INFO">Slept 1 second</msg>
<status status="PASS" starttime="20220826 22:38:03.020" endtime="20220826 22:38:04.022"/>
</kw>
<kw name="click wishlist cart link button" library="header_resources">
<kw name="Click Element" library="SeleniumLibrary">
<arg>${wishlist_linkbutton}</arg>
<doc>Click the element identified by ``locator``.</doc>
<msg timestamp="20220826 22:38:04.023" level="INFO">Clicking element 'xpath://a[@class = 'ico-wishlist']'.</msg>
<status status="PASS" starttime="20220826 22:38:04.023" endtime="20220826 22:38:04.684"/>
</kw>
<status status="PASS" starttime="20220826 22:38:04.023" endtime="20220826 22:38:04.684"/>
</kw>
<kw name="wait page load" library="wishlist_resource">
<kw name="Wait Until Page Contains Element" library="SeleniumLibrary">
<arg>${qty}</arg>
<doc>Waits until the element ``locator`` appears on the current page.</doc>
<status status="PASS" starttime="20220826 22:38:04.685" endtime="20220826 22:38:04.700"/>
</kw>
<status status="PASS" starttime="20220826 22:38:04.685" endtime="20220826 22:38:04.700"/>
</kw>
<kw name="Click check box add to cart" library="wishlist_resource">
<kw name="Click Button" library="SeleniumLibrary">
<arg>${checkbox_add_to_cart}</arg>
<doc>Clicks the button identified by ``locator``.</doc>
<msg timestamp="20220826 22:38:04.701" level="INFO">Clicking button 'xpath://span[text()= 'M8_HTC_5L']/preceding::input[1]'.</msg>
<status status="PASS" starttime="20220826 22:38:04.701" endtime="20220826 22:38:04.744"/>
</kw>
<status status="PASS" starttime="20220826 22:38:04.700" endtime="20220826 22:38:04.745"/>
</kw>
<kw name="Click add to cart button" library="wishlist_resource">
<kw name="Click Button" library="SeleniumLibrary">
<arg>${btn_add_to_cart}</arg>
<doc>Clicks the button identified by ``locator``.</doc>
<msg timestamp="20220826 22:38:04.746" level="INFO">Clicking button 'xpath://button[@name= 'addtocartbutton']'.</msg>
<status status="PASS" starttime="20220826 22:38:04.746" endtime="20220826 22:38:06.837"/>
</kw>
<status status="PASS" starttime="20220826 22:38:04.745" endtime="20220826 22:38:06.837"/>
</kw>
<kw name="Sleep" library="BuiltIn">
<arg>3</arg>
<doc>Pauses the test executed for the given time.</doc>
<msg timestamp="20220826 22:38:09.848" level="INFO">Slept 3 seconds</msg>
<status status="PASS" starttime="20220826 22:38:06.838" endtime="20220826 22:38:09.848"/>
</kw>
<kw name="get title cart" library="cart_resource">
<kw name="Get Title" library="SeleniumLibrary">
<var>${title}</var>
<doc>Returns the title of the current page.</doc>
<msg timestamp="20220826 22:38:09.854" level="INFO">${title} = nopCommerce demo store. Shopping Cart</msg>
<status status="PASS" starttime="20220826 22:38:09.849" endtime="20220826 22:38:09.854"/>
</kw>
<kw name="Log To Console" library="BuiltIn">
<arg>${title}</arg>
<doc>Logs the given message to the console.</doc>
<status status="PASS" starttime="20220826 22:38:09.854" endtime="20220826 22:38:09.854"/>
</kw>
<status status="PASS" starttime="20220826 22:38:09.848" endtime="20220826 22:38:09.855"/>
</kw>
<kw name="verify M8_HTC_5L visibility" library="cart_resource">
<kw name="Element Should Be Visible" library="SeleniumLibrary">
<arg>${sku}</arg>
<doc>Verifies that the element identified by ``locator`` is visible.</doc>
<msg timestamp="20220826 22:38:09.876" level="INFO">Element 'xpath://span[text()= 'M8_HTC_5L']' is displayed.</msg>
<status status="PASS" starttime="20220826 22:38:09.855" endtime="20220826 22:38:09.876"/>
</kw>
<status status="PASS" starttime="20220826 22:38:09.855" endtime="20220826 22:38:09.877"/>
</kw>
<kw name="Go Back" library="SeleniumLibrary">
<doc>Simulates the user clicking the back button on their browser.</doc>
<status status="PASS" starttime="20220826 22:38:09.877" endtime="20220826 22:38:10.281"/>
</kw>
<kw name="Sleep" library="BuiltIn">
<arg>3</arg>
<doc>Pauses the test executed for the given time.</doc>
<msg timestamp="20220826 22:38:13.283" level="INFO">Slept 3 seconds</msg>
<status status="PASS" starttime="20220826 22:38:10.281" endtime="20220826 22:38:13.283"/>
</kw>
<kw name="get title wishlist" library="wishlist_resource">
<kw name="Get Title" library="SeleniumLibrary">
<var>${title}</var>
<doc>Returns the title of the current page.</doc>
<msg timestamp="20220826 22:38:13.288" level="INFO">${title} = nopCommerce demo store. Wishlist</msg>
<status status="PASS" starttime="20220826 22:38:13.284" endtime="20220826 22:38:13.288"/>
</kw>
<kw name="Log To Console" library="BuiltIn">
<arg>${title}</arg>
<doc>Logs the given message to the console.</doc>
<status status="PASS" starttime="20220826 22:38:13.288" endtime="20220826 22:38:13.288"/>
</kw>
<status status="PASS" starttime="20220826 22:38:13.283" endtime="20220826 22:38:13.288"/>
</kw>
<kw name="Close my browser" library="common_resources" type="TEARDOWN">
<kw name="Close All Browsers" library="SeleniumLibrary">
<doc>Closes all open browsers and resets the browser cache.</doc>
<status status="PASS" starttime="20220826 22:38:13.289" endtime="20220826 22:38:15.419"/>
</kw>
<status status="PASS" starttime="20220826 22:38:13.289" endtime="20220826 22:38:15.419"/>
</kw>
<tag>wishlist</tag>
<tag>WISHLIST-009</tag>
<status status="PASS" starttime="20220826 22:37:58.456" endtime="20220826 22:38:15.420"/>
</test>
<test id="s1-s9-t11" name="Verify that user can successfully sharing wishlist cart with the link wishlist URL for sharing." line="172">
<kw name="open my browser" library="common_resources" type="SETUP">
<arg>${url}</arg>
<arg>${browser}</arg>
<kw name="Open Browser" library="SeleniumLibrary">
<arg>${url}</arg>
<arg>${browser}</arg>
<doc>Opens a new browser instance to the optional ``url``.</doc>
<msg timestamp="20220826 22:38:15.430" level="INFO">Opening browser 'chrome' to base url 'https://demo.nopcommerce.com'.</msg>
<status status="PASS" starttime="20220826 22:38:15.429" endtime="20220826 22:38:17.382"/>
</kw>
<kw name="Maximize Browser Window" library="SeleniumLibrary">
<doc>Maximizes current browser window.</doc>
<status status="PASS" starttime="20220826 22:38:17.382" endtime="20220826 22:38:17.514"/>
</kw>
<status status="PASS" starttime="20220826 22:38:15.427" endtime="20220826 22:38:17.515"/>
</kw>
<kw name="Scroll to news element" library="home_resources">
<kw name="Scroll Element Into View" library="SeleniumLibrary">
<arg>${news}</arg>
<doc>Scrolls the element identified by ``locator`` into view.</doc>
<status status="PASS" starttime="20220826 22:38:17.515" endtime="20220826 22:38:17.793"/>
</kw>
<status status="PASS" starttime="20220826 22:38:17.515" endtime="20220826 22:38:17.793"/>
</kw>
<kw name="Add M8_HTC_5L to wishlist" library="home_resources">
<kw name="Click Button" library="SeleniumLibrary">
<arg>${wishlist_M8_HTC_5L}</arg>
<doc>Clicks the button identified by ``locator``.</doc>
<msg timestamp="20220826 22:38:17.794" level="INFO">Clicking button 'xpath://a [text() = 'HTC One M8 Android L 5.0 Lollipop']/parent::h2/following-sibling::div[@class = 'add-info']/div[@class = 'buttons']/button[text() = 'Add to wishlist']'.</msg>
<status status="PASS" starttime="20220826 22:38:17.794" endtime="20220826 22:38:17.856"/>
</kw>
<status status="PASS" starttime="20220826 22:38:17.793" endtime="20220826 22:38:17.856"/>
</kw>
<kw name="Verify message success" library="bar_notify_resources">
<kw name="Wait Until Page Contains Element" library="SeleniumLibrary">
<arg>${bar_notify_succsess}</arg>
<doc>Waits until the element ``locator`` appears on the current page.</doc>
<status status="PASS" starttime="20220826 22:38:17.857" endtime="20220826 22:38:18.343"/>
</kw>
<kw name="Get Text" library="SeleniumLibrary">
<var>${mes}</var>
<arg>${message_add_success}</arg>
<doc>Returns the text value of the element identified by ``locator``.</doc>
<msg timestamp="20220826 22:38:18.396" level="INFO">${mes} = The product has been added to your wishlist</msg>
<status status="PASS" starttime="20220826 22:38:18.344" endtime="20220826 22:38:18.396"/>
</kw>
<kw name="Log To Console" library="BuiltIn">
<arg>${mes}</arg>
<doc>Logs the given message to the console.</doc>
<status status="PASS" starttime="20220826 22:38:18.396" endtime="20220826 22:38:18.397"/>
</kw>
<status status="PASS" starttime="20220826 22:38:17.857" endtime="20220826 22:38:18.397"/>
</kw>
<kw name="close bar notification" library="bar_notify_resources">
<kw name="Click Element" library="SeleniumLibrary">
<arg>${close_bar_notification}</arg>
<doc>Click the element identified by ``locator``.</doc>
<msg timestamp="20220826 22:38:18.398" level="INFO">Clicking element 'xpath://span[@title='Close']'.</msg>
<status status="PASS" starttime="20220826 22:38:18.398" endtime="20220826 22:38:18.434"/>
</kw>
<status status="PASS" starttime="20220826 22:38:18.398" endtime="20220826 22:38:18.434"/>
</kw>
<kw name="scroll to top page" library="header_resources">
<kw name="Execute Javascript" library="SeleniumLibrary">
<arg>window.scrollTo(0,0);</arg>
<doc>Executes the given JavaScript code with possible arguments.</doc>
<msg timestamp="20220826 22:38:18.435" level="INFO">Executing JavaScript:
window.scrollTo(0,0);
Without any arguments.</msg>
<status status="PASS" starttime="20220826 22:38:18.435" endtime="20220826 22:38:18.442"/>
</kw>
<status status="PASS" starttime="20220826 22:38:18.435" endtime="20220826 22:38:18.443"/>
</kw>
<kw name="Sleep" library="BuiltIn">
<arg>1</arg>
<doc>Pauses the test executed for the given time.</doc>
<msg timestamp="20220826 22:38:19.444" level="INFO">Slept 1 second</msg>
<status status="PASS" starttime="20220826 22:38:18.443" endtime="20220826 22:38:19.444"/>
</kw>
<kw name="click wishlist cart link button" library="header_resources">
<kw name="Click Element" library="SeleniumLibrary">
<arg>${wishlist_linkbutton}</arg>
<doc>Click the element identified by ``locator``.</doc>
<msg timestamp="20220826 22:38:19.445" level="INFO">Clicking element 'xpath://a[@class = 'ico-wishlist']'.</msg>
<status status="PASS" starttime="20220826 22:38:19.444" endtime="20220826 22:38:20.053"/>
</kw>
<status status="PASS" starttime="20220826 22:38:19.444" endtime="20220826 22:38:20.053"/>
</kw>
<kw name="wait page load" library="wishlist_resource">
<kw name="Wait Until Page Contains Element" library="SeleniumLibrary">
<arg>${qty}</arg>
<doc>Waits until the element ``locator`` appears on the current page.</doc>
<status status="PASS" starttime="20220826 22:38:20.053" endtime="20220826 22:38:20.068"/>
</kw>
<status status="PASS" starttime="20220826 22:38:20.053" endtime="20220826 22:38:20.068"/>
</kw>
<kw name="Click link sharing" library="wishlist_resource">
<kw name="Click Element" library="SeleniumLibrary">
<arg>${link_share}</arg>
<doc>Click the element identified by ``locator``.</doc>
<msg timestamp="20220826 22:38:20.069" level="INFO">Clicking element 'xpath://div[@class= 'share-info']/a'.</msg>
<status status="PASS" starttime="20220826 22:38:20.069" endtime="20220826 22:38:20.491"/>
</kw>
<status status="PASS" starttime="20220826 22:38:20.068" endtime="20220826 22:38:20.491"/>
</kw>
<kw name="get title wishlist of" library="wishlist_resource">
<kw name="Get Title" library="SeleniumLibrary">
<var>${title}</var>
<doc>Returns the title of the current page.</doc>
<msg timestamp="20220826 22:38:20.499" level="INFO">${title} = nopCommerce demo store. Wishlist</msg>
<status status="PASS" starttime="20220826 22:38:20.493" endtime="20220826 22:38:20.499"/>
</kw>
<kw name="Log To Console" library="BuiltIn">
<arg>${title}</arg>
<doc>Logs the given message to the console.</doc>
<status status="PASS" starttime="20220826 22:38:20.499" endtime="20220826 22:38:20.500"/>
</kw>
<kw name="Should Be Equal" library="BuiltIn">
<arg>${title}</arg>
<arg>nopCommerce demo store. Wishlist</arg>
<doc>Fails if the given objects are unequal.</doc>
<status status="PASS" starttime="20220826 22:38:20.500" endtime="20220826 22:38:20.500"/>
</kw>
<status status="PASS" starttime="20220826 22:38:20.492" endtime="20220826 22:38:20.500"/>
</kw>
<kw name="Sleep" library="BuiltIn">
<arg>3</arg>
<doc>Pauses the test executed for the given time.</doc>
<msg timestamp="20220826 22:38:23.516" level="INFO">Slept 3 seconds</msg>
<status status="PASS" starttime="20220826 22:38:20.501" endtime="20220826 22:38:23.516"/>
</kw>
<kw name="Close my browser" library="common_resources" type="TEARDOWN">
<kw name="Close All Browsers" library="SeleniumLibrary">
<doc>Closes all open browsers and resets the browser cache.</doc>
<status status="PASS" starttime="20220826 22:38:23.517" endtime="20220826 22:38:25.645"/>
</kw>
<status status="PASS" starttime="20220826 22:38:23.516" endtime="20220826 22:38:25.646"/>
</kw>
<tag>wishlist</tag>
<tag>WISHLIST-011</tag>
<status status="PASS" starttime="20220826 22:38:15.424" endtime="20220826 22:38:25.647"/>
</test>
<status status="PASS" starttime="20220826 22:36:04.824" endtime="20220826 22:38:25.652"/>
</suite>
<status status="FAIL" starttime="20220826 22:21:48.426" endtime="20220826 22:38:25.665"/>
</suite>
<statistics>
<total>
<stat pass="80" fail="9" skip="0">All Tests</stat>
</total>
<tag>
<stat pass="2" fail="0" skip="0">Account</stat>
<stat pass="1" fail="0" skip="0">ACCOUNT-001</stat>
<stat pass="1" fail="0" skip="0">ACCOUNT-002</stat>
<stat pass="4" fail="2" skip="0">Address</stat>
<stat pass="1" fail="0" skip="0">ADDRESS-001</stat>
<stat pass="1" fail="0" skip="0">ADDRESS-002</stat>
<stat pass="1" fail="0" skip="0">ADDRESS-003</stat>
<stat pass="0" fail="1" skip="0">ADDRESS-004</stat>
<stat pass="0" fail="1" skip="0">ADDRESS-005</stat>
<stat pass="1" fail="0" skip="0">ADDRESS-006</stat>
<stat pass="1" fail="0" skip="0">CART-001</stat>
<stat pass="1" fail="0" skip="0">CART-002</stat>
<stat pass="1" fail="0" skip="0">CART-003</stat>
<stat pass="1" fail="0" skip="0">CART-004</stat>
<stat pass="1" fail="0" skip="0">CART-005</stat>
<stat pass="1" fail="0" skip="0">CART-006</stat>
<stat pass="1" fail="0" skip="0">CART-007</stat>
<stat pass="1" fail="0" skip="0">CART-008</stat>
<stat pass="1" fail="0" skip="0">CART-009</stat>
<stat pass="1" fail="0" skip="0">CART-010</stat>
<stat pass="1" fail="0" skip="0">CART-013</stat>
<stat pass="0" fail="1" skip="0">CHECKLIST-CART-011</stat>
<stat pass="1" fail="0" skip="0">CHECKLIST-CART-012</stat>
<stat pass="22" fail="0" skip="0">footer</stat>
<stat pass="1" fail="0" skip="0">FOOTER-001</stat>
<stat pass="1" fail="0" skip="0">FOOTER-002</stat>
<stat pass="1" fail="0" skip="0">FOOTER-003</stat>
<stat pass="1" fail="0" skip="0">FOOTER-004</stat>
<stat pass="1" fail="0" skip="0">FOOTER-005</stat>
<stat pass="1" fail="0" skip="0">FOOTER-006</stat>
<stat pass="1" fail="0" skip="0">FOOTER-007</stat>
<stat pass="1" fail="0" skip="0">FOOTER-008</stat>
<stat pass="1" fail="0" skip="0">FOOTER-009</stat>
<stat pass="1" fail="0" skip="0">FOOTER-010</stat>
<stat pass="1" fail="0" skip="0">FOOTER-011</stat>
<stat pass="1" fail="0" skip="0">FOOTER-012</stat>
<stat pass="1" fail="0" skip="0">FOOTER-013</stat>
<stat pass="1" fail="0" skip="0">FOOTER-014</stat>
<stat pass="1" fail="0" skip="0">FOOTER-015</stat>
<stat pass="1" fail="0" skip="0">FOOTER-016</stat>
<stat pass="1" fail="0" skip="0">FOOTER-017</stat>
<stat pass="1" fail="0" skip="0">FOOTER-018</stat>
<stat pass="1" fail="0" skip="0">FOOTER-019</stat>
<stat pass="1" fail="0" skip="0">FOOTER-020</stat>
<stat pass="1" fail="0" skip="0">FOOTER-021</stat>
<stat pass="1" fail="0" skip="0">FOOTER-022</stat>
<stat pass="9" fail="0" skip="0">Header</stat>
<stat pass="1" fail="0" skip="0">HEADER-001</stat>
<stat pass="1" fail="0" skip="0">HEADER-002</stat>
<stat pass="1" fail="0" skip="0">HEADER-003</stat>
<stat pass="1" fail="0" skip="0">HEADER-004</stat>
<stat pass="1" fail="0" skip="0">HEADER-005</stat>
<stat pass="1" fail="0" skip="0">HEADER-006</stat>
<stat pass="1" fail="0" skip="0">HEADER-007</stat>
<stat pass="1" fail="0" skip="0">HEADER-008</stat>
<stat pass="8" fail="3" skip="0">Login</stat>
<stat pass="1" fail="0" skip="0">LOGIN-001</stat>
<stat pass="1" fail="0" skip="0">LOGIN-002</stat>
<stat pass="1" fail="0" skip="0">LOGIN-003</stat>
<stat pass="1" fail="0" skip="0">LOGIN-004</stat>
<stat pass="1" fail="0" skip="0">LOGIN-005</stat>
<stat pass="1" fail="0" skip="0">LOGIN-006</stat>
<stat pass="1" fail="0" skip="0">LOGIN-007</stat>
<stat pass="0" fail="1" skip="0">LOGIN-008</stat>
<stat pass="1" fail="0" skip="0">LOGIN-009</stat>
<stat pass="0" fail="1" skip="0">LOGIN-010</stat>
<stat pass="0" fail="1" skip="0">LOGIN-011</stat>
<stat pass="6" fail="1" skip="0">Pass</stat>
<stat pass="1" fail="0" skip="0">PASSWORD-001</stat>
<stat pass="1" fail="0" skip="0">PASSWORD-002</stat>
<stat pass="1" fail="0" skip="0">PASSWORD-003</stat>
<stat pass="1" fail="0" skip="0">PASSWORD-004</stat>
<stat pass="1" fail="0" skip="0">PASSWORD-005</stat>
<stat pass="1" fail="0" skip="0">PASSWORD-006</stat>
<stat pass="0" fail="1" skip="0">PASSWORD-007</stat>
<stat pass="6" fail="2" skip="0">Register</stat>
<stat pass="1" fail="0" skip="0">REGISTER-001</stat>
<stat pass="1" fail="0" skip="0">REGISTER-002</stat>
<stat pass="1" fail="0" skip="0">REGISTER-003</stat>
<stat pass="1" fail="0" skip="0">REGISTER-004</stat>
<stat pass="1" fail="0" skip="0">REGISTER-005</stat>
<stat pass="1" fail="0" skip="0">REGISTER-006</stat>
<stat pass="0" fail="1" skip="0">REGISTER-007</stat>
<stat pass="0" fail="1" skip="0">REGISTER-008</stat>
<stat pass="11" fail="0" skip="0">wishlist</stat>
<stat pass="1" fail="0" skip="0">WISHLIST-001</stat>
<stat pass="1" fail="0" skip="0">WISHLIST-002</stat>
<stat pass="1" fail="0" skip="0">WISHLIST-003</stat>
<stat pass="1" fail="0" skip="0">WISHLIST-004</stat>
<stat pass="1" fail="0" skip="0">WISHLIST-005</stat>
<stat pass="1" fail="0" skip="0">WISHLIST-006</stat>
<stat pass="2" fail="0" skip="0">WISHLIST-007</stat>
<stat pass="1" fail="0" skip="0">WISHLIST-008</stat>
<stat pass="1" fail="0" skip="0">WISHLIST-009</stat>
<stat pass="1" fail="0" skip="0">WISHLIST-011</stat>
</tag>
<suite>
<stat pass="80" fail="9" skip="0" id="s1" name="Testcases">Testcases</stat>
<stat pass="2" fail="0" skip="0" id="s1-s1" name="Account Testcase">Testcases.Account Testcase</stat>
<stat pass="4" fail="2" skip="0" id="s1-s2" name="Address Testcase">Testcases.Address Testcase</stat>
<stat pass="12" fail="1" skip="0" id="s1-s3" name="Cart Testcase">Testcases.Cart Testcase</stat>
<stat pass="22" fail="0" skip="0" id="s1-s4" name="Footer Testcase">Testcases.Footer Testcase</stat>
<stat pass="9" fail="0" skip="0" id="s1-s5" name="Header Testcase">Testcases.Header Testcase</stat>
<stat pass="8" fail="3" skip="0" id="s1-s6" name="Login Testcase">Testcases.Login Testcase</stat>
<stat pass="6" fail="1" skip="0" id="s1-s7" name="Password Testcase">Testcases.Password Testcase</stat>
<stat pass="6" fail="2" skip="0" id="s1-s8" name="Register Testcase">Testcases.Register Testcase</stat>
<stat pass="11" fail="0" skip="0" id="s1-s9" name="Wishlist Testcase">Testcases.Wishlist Testcase</stat>
</suite>
</statistics>
<errors>
<msg timestamp="20220826 22:30:32.295" level="WARN">Multiple tests with name 'Click the twitter icon on the footer page.' executed in suite 'Testcases.Footer Testcase'.</msg>
</errors>
</robot>
